mode: set
homelab/pkg/services/ip/analysis.go:25.59,31.2 2 1
homelab/pkg/services/ip/analysis.go:34.92,36.45 1 1
homelab/pkg/services/ip/analysis.go:36.45,38.3 1 1
homelab/pkg/services/ip/analysis.go:41.2,45.45 3 1
homelab/pkg/services/ip/analysis.go:45.45,47.3 1 0
homelab/pkg/services/ip/analysis.go:50.2,52.16 3 1
homelab/pkg/services/ip/analysis.go:52.16,54.3 1 0
homelab/pkg/services/ip/analysis.go:55.2,58.16 3 1
homelab/pkg/services/ip/analysis.go:58.16,60.3 1 1
homelab/pkg/services/ip/analysis.go:62.2,63.6 2 1
homelab/pkg/services/ip/analysis.go:63.6,65.20 2 1
homelab/pkg/services/ip/analysis.go:65.20,66.9 1 1
homelab/pkg/services/ip/analysis.go:68.3,68.17 1 1
homelab/pkg/services/ip/analysis.go:68.17,70.4 1 0
homelab/pkg/services/ip/analysis.go:71.3,71.28 1 1
homelab/pkg/services/ip/analysis.go:74.2,75.18 2 1
homelab/pkg/services/ip/analysis.go:78.54,80.2 1 1
homelab/pkg/services/ip/analysis.go:83.122,85.16 2 1
homelab/pkg/services/ip/analysis.go:85.16,87.3 1 0
homelab/pkg/services/ip/analysis.go:90.2,90.24 1 1
homelab/pkg/services/ip/analysis.go:90.24,92.17 2 0
homelab/pkg/services/ip/analysis.go:92.17,94.4 1 0
homelab/pkg/services/ip/analysis.go:95.3,95.28 1 0
homelab/pkg/services/ip/analysis.go:95.28,97.4 1 0
homelab/pkg/services/ip/analysis.go:100.2,100.31 1 1
homelab/pkg/services/ip/analysis.go:100.31,102.17 2 1
homelab/pkg/services/ip/analysis.go:102.17,103.12 1 0
homelab/pkg/services/ip/analysis.go:105.3,106.9 2 1
homelab/pkg/services/ip/analysis.go:106.9,109.77 2 1
homelab/pkg/services/ip/analysis.go:109.77,111.5 1 1
homelab/pkg/services/ip/analysis.go:114.4,119.27 5 1
homelab/pkg/services/ip/analysis.go:119.27,123.36 3 1
homelab/pkg/services/ip/analysis.go:123.36,125.86 1 0
homelab/pkg/services/ip/analysis.go:125.86,127.7 1 0
homelab/pkg/services/ip/analysis.go:130.5,130.49 1 1
homelab/pkg/services/ip/analysis.go:130.49,133.6 2 1
homelab/pkg/services/ip/analysis.go:136.4,141.10 2 1
homelab/pkg/services/ip/analysis.go:145.2,145.54 1 1
homelab/pkg/services/ip/analysis.go:149.98,151.2 1 1
homelab/pkg/services/ip/codec.go:40.24,42.2 1 1
homelab/pkg/services/ip/codec.go:45.78,59.58 5 1
homelab/pkg/services/ip/codec.go:59.58,68.3 8 1
homelab/pkg/services/ip/codec.go:70.2,70.47 1 1
homelab/pkg/services/ip/codec.go:70.47,72.3 1 0
homelab/pkg/services/ip/codec.go:75.2,77.50 3 1
homelab/pkg/services/ip/codec.go:77.50,79.3 1 0
homelab/pkg/services/ip/codec.go:81.2,81.25 1 1
homelab/pkg/services/ip/codec.go:81.25,84.45 3 1
homelab/pkg/services/ip/codec.go:84.45,86.4 1 0
homelab/pkg/services/ip/codec.go:87.3,87.48 1 1
homelab/pkg/services/ip/codec.go:87.48,89.4 1 0
homelab/pkg/services/ip/codec.go:93.2,94.28 2 1
homelab/pkg/services/ip/codec.go:94.28,98.17 4 1
homelab/pkg/services/ip/codec.go:98.17,101.4 2 1
homelab/pkg/services/ip/codec.go:103.3,109.52 6 1
homelab/pkg/services/ip/codec.go:109.52,111.4 1 0
homelab/pkg/services/ip/codec.go:114.3,115.36 2 1
homelab/pkg/services/ip/codec.go:115.36,117.46 2 1
homelab/pkg/services/ip/codec.go:117.46,119.5 1 0
homelab/pkg/services/ip/codec.go:124.2,127.42 3 1
homelab/pkg/services/ip/codec.go:127.42,128.57 1 1
homelab/pkg/services/ip/codec.go:128.57,130.4 1 0
homelab/pkg/services/ip/codec.go:131.3,131.53 1 1
homelab/pkg/services/ip/codec.go:131.53,133.4 1 0
homelab/pkg/services/ip/codec.go:136.2,136.12 1 1
homelab/pkg/services/ip/codec.go:146.46,148.53 2 1
homelab/pkg/services/ip/codec.go:148.53,150.3 1 1
homelab/pkg/services/ip/codec.go:152.2,159.38 7 1
homelab/pkg/services/ip/codec.go:159.38,161.3 1 0
homelab/pkg/services/ip/codec.go:162.2,162.31 1 1
homelab/pkg/services/ip/codec.go:162.31,164.3 1 0
homelab/pkg/services/ip/codec.go:167.2,168.56 2 1
homelab/pkg/services/ip/codec.go:168.56,170.3 1 0
homelab/pkg/services/ip/codec.go:171.2,174.41 3 1
homelab/pkg/services/ip/codec.go:174.41,176.51 2 1
homelab/pkg/services/ip/codec.go:176.51,178.4 1 0
homelab/pkg/services/ip/codec.go:179.3,181.48 3 1
homelab/pkg/services/ip/codec.go:181.48,183.4 1 0
homelab/pkg/services/ip/codec.go:184.3,184.24 1 1
homelab/pkg/services/ip/codec.go:187.2,191.8 1 1
homelab/pkg/services/ip/codec.go:194.38,196.2 1 1
homelab/pkg/services/ip/codec.go:198.34,200.2 1 1
homelab/pkg/services/ip/codec.go:202.57,204.16 2 1
homelab/pkg/services/ip/codec.go:204.16,206.3 1 1
homelab/pkg/services/ip/codec.go:207.2,208.30 2 1
homelab/pkg/services/ip/codec.go:208.30,209.39 1 1
homelab/pkg/services/ip/codec.go:209.39,211.4 1 0
homelab/pkg/services/ip/codec.go:212.3,212.30 1 1
homelab/pkg/services/ip/codec.go:214.2,214.26 1 1
homelab/pkg/services/ip/codec.go:217.64,219.55 2 1
homelab/pkg/services/ip/codec.go:219.55,221.3 1 1
homelab/pkg/services/ip/codec.go:222.2,225.17 3 1
homelab/pkg/services/ip/codec.go:225.17,227.3 1 1
homelab/pkg/services/ip/codec.go:227.8,227.24 1 1
homelab/pkg/services/ip/codec.go:227.24,229.3 1 1
homelab/pkg/services/ip/codec.go:229.8,231.3 1 0
homelab/pkg/services/ip/codec.go:233.2,234.53 2 1
homelab/pkg/services/ip/codec.go:234.53,236.3 1 0
homelab/pkg/services/ip/codec.go:238.2,239.53 2 1
homelab/pkg/services/ip/codec.go:239.53,241.3 1 0
homelab/pkg/services/ip/codec.go:242.2,245.57 3 1
homelab/pkg/services/ip/codec.go:245.57,247.3 1 0
homelab/pkg/services/ip/codec.go:248.2,251.9 3 1
homelab/pkg/services/ip/codec.go:251.9,253.3 1 0
homelab/pkg/services/ip/codec.go:254.2,258.40 4 1
homelab/pkg/services/ip/codec.go:258.40,259.53 1 1
homelab/pkg/services/ip/codec.go:259.53,261.4 1 0
homelab/pkg/services/ip/codec.go:262.3,262.50 1 1
homelab/pkg/services/ip/codec.go:265.2,265.29 1 1
homelab/pkg/services/ip/export.go:59.64,66.2 3 1
homelab/pkg/services/ip/export.go:68.37,72.30 4 1
homelab/pkg/services/ip/export.go:72.30,74.29 2 0
homelab/pkg/services/ip/export.go:74.29,75.54 1 0
homelab/pkg/services/ip/export.go:75.54,78.5 2 0
homelab/pkg/services/ip/export.go:83.43,85.29 2 1
homelab/pkg/services/ip/export.go:85.29,99.3 3 1
homelab/pkg/services/ip/export.go:101.2,102.103 2 1
homelab/pkg/services/ip/export.go:105.37,109.2 3 1
homelab/pkg/services/ip/export.go:111.59,116.14 4 1
homelab/pkg/services/ip/export.go:116.14,118.3 1 0
homelab/pkg/services/ip/export.go:120.2,132.3 3 1
homelab/pkg/services/ip/export.go:135.53,139.28 4 1
homelab/pkg/services/ip/export.go:139.28,153.3 3 1
homelab/pkg/services/ip/export.go:154.2,154.12 1 1
homelab/pkg/services/ip/export.go:157.45,158.12 1 0
homelab/pkg/services/ip/export.go:158.12,160.22 2 0
homelab/pkg/services/ip/export.go:160.22,162.4 1 0
homelab/pkg/services/ip/export.go:166.35,171.29 5 1
homelab/pkg/services/ip/export.go:171.29,178.63 5 0
homelab/pkg/services/ip/export.go:178.63,181.4 2 0
homelab/pkg/services/ip/export.go:183.2,183.13 1 1
homelab/pkg/services/ip/export.go:183.13,185.3 1 0
homelab/pkg/services/ip/export.go:188.64,192.26 4 1
homelab/pkg/services/ip/export.go:192.26,193.42 1 1
homelab/pkg/services/ip/export.go:193.42,196.4 2 1
homelab/pkg/services/ip/export.go:198.2,198.13 1 1
homelab/pkg/services/ip/export.go:198.13,200.3 1 1
homelab/pkg/services/ip/export.go:203.47,205.14 2 1
homelab/pkg/services/ip/export.go:205.14,207.3 1 0
homelab/pkg/services/ip/export.go:209.2,212.21 4 1
homelab/pkg/services/ip/export.go:214.108,216.16 2 1
homelab/pkg/services/ip/export.go:216.16,218.3 1 0
homelab/pkg/services/ip/export.go:221.2,224.33 4 1
homelab/pkg/services/ip/export.go:224.33,227.15 3 1
homelab/pkg/services/ip/export.go:227.15,229.4 1 1
homelab/pkg/services/ip/export.go:231.2,235.28 3 1
homelab/pkg/services/ip/export.go:235.28,236.61 1 1
homelab/pkg/services/ip/export.go:236.61,240.67 3 0
homelab/pkg/services/ip/export.go:240.67,243.5 2 0
homelab/pkg/services/ip/export.go:248.2,248.29 1 1
homelab/pkg/services/ip/export.go:248.29,249.42 1 1
homelab/pkg/services/ip/export.go:249.42,251.54 2 1
homelab/pkg/services/ip/export.go:251.54,253.5 1 1
homelab/pkg/services/ip/export.go:254.4,254.17 1 1
homelab/pkg/services/ip/export.go:258.2,273.20 8 1
homelab/pkg/services/ip/export.go:276.35,278.2 1 1
homelab/pkg/services/ip/export.go:280.94,283.32 3 1
homelab/pkg/services/ip/export.go:283.32,287.3 3 1
homelab/pkg/services/ip/export.go:288.2,299.16 4 1
homelab/pkg/services/ip/export.go:299.16,306.3 6 0
homelab/pkg/services/ip/export.go:309.2,310.33 2 1
homelab/pkg/services/ip/export.go:310.33,312.15 2 1
homelab/pkg/services/ip/export.go:312.15,314.4 1 1
homelab/pkg/services/ip/export.go:316.2,316.23 1 1
homelab/pkg/services/ip/export.go:316.23,318.3 1 1
homelab/pkg/services/ip/export.go:320.2,326.16 6 1
homelab/pkg/services/ip/export.go:326.16,333.3 6 0
homelab/pkg/services/ip/export.go:334.2,336.27 2 1
homelab/pkg/services/ip/export.go:336.27,338.3 1 1
homelab/pkg/services/ip/export.go:340.2,345.27 4 1
homelab/pkg/services/ip/export.go:345.27,350.3 1 0
homelab/pkg/services/ip/export.go:350.8,350.39 1 1
homelab/pkg/services/ip/export.go:350.39,352.3 1 0
homelab/pkg/services/ip/export.go:354.2,354.33 1 1
homelab/pkg/services/ip/export.go:354.33,357.17 3 1
homelab/pkg/services/ip/export.go:357.17,358.12 1 1
homelab/pkg/services/ip/export.go:360.3,361.17 2 1
homelab/pkg/services/ip/export.go:361.17,363.12 2 0
homelab/pkg/services/ip/export.go:365.3,365.7 1 1
homelab/pkg/services/ip/export.go:365.7,367.34 2 1
homelab/pkg/services/ip/export.go:367.34,372.5 4 0
homelab/pkg/services/ip/export.go:373.4,376.21 3 1
homelab/pkg/services/ip/export.go:376.21,377.10 1 1
homelab/pkg/services/ip/export.go:379.4,388.36 3 1
homelab/pkg/services/ip/export.go:388.36,394.28 5 1
homelab/pkg/services/ip/export.go:394.28,395.36 1 1
homelab/pkg/services/ip/export.go:395.36,397.7 1 1
homelab/pkg/services/ip/export.go:401.5,401.24 1 1
homelab/pkg/services/ip/export.go:402.17,403.43 1 1
homelab/pkg/services/ip/export.go:404.17,407.24 3 1
homelab/pkg/services/ip/export.go:407.24,409.7 1 0
homelab/pkg/services/ip/export.go:410.6,411.27 2 1
homelab/pkg/services/ip/export.go:412.17,414.29 2 1
homelab/pkg/services/ip/export.go:414.29,416.36 2 1
homelab/pkg/services/ip/export.go:416.36,418.8 1 1
homelab/pkg/services/ip/export.go:420.22,421.30 1 0
homelab/pkg/services/ip/export.go:421.30,423.7 1 0
homelab/pkg/services/ip/export.go:423.12,424.36 1 0
homelab/pkg/services/ip/export.go:424.36,426.8 1 0
homelab/pkg/services/ip/export.go:428.17,430.29 2 0
homelab/pkg/services/ip/export.go:430.29,432.7 1 0
homelab/pkg/services/ip/export.go:433.6,439.26 3 0
homelab/pkg/services/ip/export.go:439.26,441.7 1 0
homelab/pkg/services/ip/export.go:445.4,445.27 1 1
homelab/pkg/services/ip/export.go:445.27,449.5 3 1
homelab/pkg/services/ip/export.go:451.3,451.13 1 1
homelab/pkg/services/ip/export.go:454.2,454.27 1 1
homelab/pkg/services/ip/export.go:454.27,456.3 1 1
homelab/pkg/services/ip/export.go:456.8,456.39 1 1
homelab/pkg/services/ip/export.go:456.39,458.3 1 0
homelab/pkg/services/ip/export.go:458.8,458.34 1 1
homelab/pkg/services/ip/export.go:458.34,460.3 1 0
homelab/pkg/services/ip/export.go:462.2,463.32 2 1
homelab/pkg/services/ip/export.go:463.32,467.3 3 1
homelab/pkg/services/ip/export.go:468.2,469.15 2 1
homelab/pkg/services/ip/mmdb.go:27.36,31.2 3 1
homelab/pkg/services/ip/mmdb.go:34.38,39.18 3 1
homelab/pkg/services/ip/mmdb.go:39.18,41.3 1 1
homelab/pkg/services/ip/mmdb.go:42.2,42.19 1 1
homelab/pkg/services/ip/mmdb.go:42.19,44.3 1 0
homelab/pkg/services/ip/mmdb.go:45.2,45.22 1 1
homelab/pkg/services/ip/mmdb.go:45.22,47.3 1 0
homelab/pkg/services/ip/mmdb.go:50.2,54.12 4 1
homelab/pkg/services/ip/mmdb.go:57.62,59.16 2 1
homelab/pkg/services/ip/mmdb.go:59.16,61.3 1 1
homelab/pkg/services/ip/mmdb.go:62.2,63.16 2 1
homelab/pkg/services/ip/mmdb.go:63.16,65.3 1 1
homelab/pkg/services/ip/mmdb.go:66.2,66.15 1 1
homelab/pkg/services/ip/mmdb.go:70.76,75.16 4 1
homelab/pkg/services/ip/mmdb.go:75.16,77.3 1 1
homelab/pkg/services/ip/mmdb.go:79.2,84.66 2 1
homelab/pkg/services/ip/mmdb.go:84.66,91.3 6 1
homelab/pkg/services/ip/mmdb.go:93.2,93.18 1 1
homelab/pkg/services/ip/mmdb.go:93.18,94.44 1 1
homelab/pkg/services/ip/mmdb.go:94.44,97.4 2 1
homelab/pkg/services/ip/mmdb.go:100.2,100.19 1 1
homelab/pkg/services/ip/mmdb.go:100.19,101.47 1 0
homelab/pkg/services/ip/mmdb.go:101.47,103.22 2 0
homelab/pkg/services/ip/mmdb.go:103.22,105.5 1 0
homelab/pkg/services/ip/mmdb.go:106.4,107.25 2 0
homelab/pkg/services/ip/mmdb.go:107.25,109.5 1 0
homelab/pkg/services/ip/mmdb.go:110.4,110.71 1 0
homelab/pkg/services/ip/mmdb.go:110.71,112.5 1 0
homelab/pkg/services/ip/mmdb.go:114.8,114.29 1 1
homelab/pkg/services/ip/mmdb.go:114.29,115.56 1 0
homelab/pkg/services/ip/mmdb.go:115.56,117.25 2 0
homelab/pkg/services/ip/mmdb.go:117.25,119.5 1 0
homelab/pkg/services/ip/mmdb.go:123.2,123.17 1 1
homelab/pkg/services/ip/service.go:40.13,41.121 1 1
homelab/pkg/services/ip/service.go:41.121,44.17 3 0
homelab/pkg/services/ip/service.go:44.17,46.4 1 0
homelab/pkg/services/ip/service.go:47.3,47.28 1 0
homelab/pkg/services/ip/service.go:47.28,48.76 1 0
homelab/pkg/services/ip/service.go:48.76,54.5 1 0
homelab/pkg/services/ip/service.go:56.3,56.18 1 0
homelab/pkg/services/ip/service.go:59.2,59.135 1 1
homelab/pkg/services/ip/service.go:59.135,61.17 2 0
homelab/pkg/services/ip/service.go:61.17,63.4 1 0
homelab/pkg/services/ip/service.go:64.3,65.28 2 0
homelab/pkg/services/ip/service.go:65.28,71.4 1 0
homelab/pkg/services/ip/service.go:72.3,73.17 2 0
homelab/pkg/services/ip/service.go:73.17,75.4 1 0
homelab/pkg/services/ip/service.go:76.3,76.22 1 0
homelab/pkg/services/ip/service.go:76.22,78.4 1 0
homelab/pkg/services/ip/service.go:79.3,80.18 2 0
homelab/pkg/services/ip/service.go:80.18,82.4 1 0
homelab/pkg/services/ip/service.go:83.3,83.39 1 0
homelab/pkg/services/ip/service.go:101.57,107.2 1 1
homelab/pkg/services/ip/service.go:109.61,111.2 1 1
homelab/pkg/services/ip/service.go:113.63,115.2 1 1
homelab/pkg/services/ip/service.go:117.62,127.29 5 0
homelab/pkg/services/ip/service.go:127.29,128.16 1 0
homelab/pkg/services/ip/service.go:128.16,130.4 1 0
homelab/pkg/services/ip/service.go:134.59,139.35 3 1
homelab/pkg/services/ip/service.go:139.35,141.3 1 0
homelab/pkg/services/ip/service.go:143.2,143.43 1 1
homelab/pkg/services/ip/service.go:143.43,153.3 5 0
homelab/pkg/services/ip/service.go:154.2,154.16 1 1
homelab/pkg/services/ip/service.go:154.16,156.3 1 0
homelab/pkg/services/ip/service.go:159.50,162.38 3 1
homelab/pkg/services/ip/service.go:162.38,165.3 2 0
homelab/pkg/services/ip/service.go:170.87,171.20 1 1
homelab/pkg/services/ip/service.go:171.20,173.3 1 1
homelab/pkg/services/ip/service.go:174.2,175.65 2 1
homelab/pkg/services/ip/service.go:175.65,177.3 1 0
homelab/pkg/services/ip/service.go:178.2,182.12 5 1
homelab/pkg/services/ip/service.go:185.87,187.65 2 1
homelab/pkg/services/ip/service.go:187.65,189.3 1 0
homelab/pkg/services/ip/service.go:190.2,191.16 2 1
homelab/pkg/services/ip/service.go:191.16,193.3 1 0
homelab/pkg/services/ip/service.go:194.2,198.12 5 1
homelab/pkg/services/ip/service.go:201.129,203.65 2 1
homelab/pkg/services/ip/service.go:203.65,205.3 1 0
homelab/pkg/services/ip/service.go:207.2,211.16 4 1
homelab/pkg/services/ip/service.go:211.16,213.3 1 0
homelab/pkg/services/ip/service.go:215.2,216.16 2 1
homelab/pkg/services/ip/service.go:216.16,218.17 2 0
homelab/pkg/services/ip/service.go:218.17,220.4 1 0
homelab/pkg/services/ip/service.go:221.3,221.67 1 0
homelab/pkg/services/ip/service.go:225.2,225.42 1 1
homelab/pkg/services/ip/service.go:225.42,226.33 1 1
homelab/pkg/services/ip/service.go:226.33,227.33 1 1
homelab/pkg/services/ip/service.go:227.33,229.5 1 0
homelab/pkg/services/ip/service.go:234.2,240.60 6 1
homelab/pkg/services/ip/service.go:240.60,242.17 2 1
homelab/pkg/services/ip/service.go:242.17,244.8 2 1
homelab/pkg/services/ip/service.go:244.8,246.22 2 1
homelab/pkg/services/ip/service.go:246.22,247.11 1 1
homelab/pkg/services/ip/service.go:250.5,250.31 1 1
homelab/pkg/services/ip/service.go:250.31,252.26 2 1
homelab/pkg/services/ip/service.go:252.26,254.32 1 1
homelab/pkg/services/ip/service.go:254.32,256.31 2 1
homelab/pkg/services/ip/service.go:256.31,257.38 1 1
homelab/pkg/services/ip/service.go:257.38,259.15 2 0
homelab/pkg/services/ip/service.go:262.8,262.23 1 1
homelab/pkg/services/ip/service.go:262.23,265.9 2 0
homelab/pkg/services/ip/service.go:266.8,266.16 1 1
homelab/pkg/services/ip/service.go:267.13,270.31 2 1
homelab/pkg/services/ip/service.go:270.31,272.41 2 1
homelab/pkg/services/ip/service.go:272.41,273.22 1 1
homelab/pkg/services/ip/service.go:273.22,275.16 2 1
homelab/pkg/services/ip/service.go:278.9,278.55 1 1
homelab/pkg/services/ip/service.go:278.55,280.10 1 1
homelab/pkg/services/ip/service.go:282.8,282.33 1 1
homelab/pkg/services/ip/service.go:282.33,283.17 1 0
homelab/pkg/services/ip/service.go:285.8,285.26 1 1
homelab/pkg/services/ip/service.go:287.12,287.50 1 1
homelab/pkg/services/ip/service.go:287.50,291.27 2 1
homelab/pkg/services/ip/service.go:291.27,293.39 2 1
homelab/pkg/services/ip/service.go:293.39,295.40 2 1
homelab/pkg/services/ip/service.go:295.40,296.22 1 1
homelab/pkg/services/ip/service.go:296.22,298.16 2 1
homelab/pkg/services/ip/service.go:302.9,302.56 1 1
homelab/pkg/services/ip/service.go:302.56,303.18 1 1
homelab/pkg/services/ip/service.go:305.9,305.40 1 1
homelab/pkg/services/ip/service.go:307.8,307.30 1 1
homelab/pkg/services/ip/service.go:310.7,313.41 3 1
homelab/pkg/services/ip/service.go:318.5,319.28 2 1
homelab/pkg/services/ip/service.go:319.28,320.33 1 1
homelab/pkg/services/ip/service.go:320.33,323.7 2 1
homelab/pkg/services/ip/service.go:324.6,325.50 2 1
homelab/pkg/services/ip/service.go:327.5,327.77 1 1
homelab/pkg/services/ip/service.go:329.4,329.14 1 1
homelab/pkg/services/ip/service.go:333.2,333.29 1 1
homelab/pkg/services/ip/service.go:333.29,337.26 3 1
homelab/pkg/services/ip/service.go:337.26,338.31 1 1
homelab/pkg/services/ip/service.go:338.31,341.5 2 1
homelab/pkg/services/ip/service.go:342.4,343.48 2 1
homelab/pkg/services/ip/service.go:345.3,345.81 1 1
homelab/pkg/services/ip/service.go:346.8,346.61 1 1
homelab/pkg/services/ip/service.go:346.61,348.3 1 0
homelab/pkg/services/ip/service.go:351.2,354.16 4 1
homelab/pkg/services/ip/service.go:354.16,356.3 1 0
homelab/pkg/services/ip/service.go:357.2,360.16 4 1
homelab/pkg/services/ip/service.go:360.16,362.3 1 0
homelab/pkg/services/ip/service.go:363.2,375.16 9 1
homelab/pkg/services/ip/service.go:375.16,376.30 1 1
homelab/pkg/services/ip/service.go:376.30,378.4 1 0
homelab/pkg/services/ip/service.go:381.2,384.12 3 1
homelab/pkg/services/ip/service.go:387.75,389.65 2 1
homelab/pkg/services/ip/service.go:389.65,391.3 1 1
homelab/pkg/services/ip/service.go:393.2,399.16 5 1
homelab/pkg/services/ip/service.go:399.16,401.3 1 0
homelab/pkg/services/ip/service.go:402.2,402.28 1 1
homelab/pkg/services/ip/service.go:402.28,403.38 1 1
homelab/pkg/services/ip/service.go:403.38,405.4 1 1
homelab/pkg/services/ip/service.go:409.2,410.16 2 1
homelab/pkg/services/ip/service.go:410.16,412.3 1 0
homelab/pkg/services/ip/service.go:413.2,413.29 1 1
homelab/pkg/services/ip/service.go:413.29,414.28 1 1
homelab/pkg/services/ip/service.go:414.28,416.4 1 1
homelab/pkg/services/ip/service.go:420.2,421.16 2 1
homelab/pkg/services/ip/service.go:421.16,423.3 1 0
homelab/pkg/services/ip/service.go:426.2,428.29 3 1
homelab/pkg/services/ip/service.go:428.29,430.3 1 1
homelab/pkg/services/ip/service.go:432.2,432.16 1 1
homelab/pkg/services/ip/service.go:432.16,434.3 1 1
homelab/pkg/services/ip/service.go:435.2,435.12 1 1
homelab/pkg/services/ip/service.go:438.91,440.132 2 1
homelab/pkg/services/ip/service.go:440.132,442.3 1 0
homelab/pkg/services/ip/service.go:443.2,443.31 1 1
homelab/pkg/services/ip/service.go:446.123,448.16 2 1
homelab/pkg/services/ip/service.go:448.16,450.3 1 0
homelab/pkg/services/ip/service.go:452.2,454.27 3 1
homelab/pkg/services/ip/service.go:454.27,455.75 1 1
homelab/pkg/services/ip/service.go:455.75,457.4 1 1
homelab/pkg/services/ip/service.go:460.2,462.15 3 1
homelab/pkg/services/ip/service.go:462.15,464.3 1 0
homelab/pkg/services/ip/service.go:465.2,465.20 1 1
homelab/pkg/services/ip/service.go:465.20,467.3 1 1
homelab/pkg/services/ip/service.go:468.2,469.17 2 1
homelab/pkg/services/ip/service.go:469.17,471.3 1 1
homelab/pkg/services/ip/service.go:473.2,473.40 1 1
homelab/pkg/services/ip/service.go:478.153,480.132 2 1
homelab/pkg/services/ip/service.go:480.132,482.3 1 0
homelab/pkg/services/ip/service.go:483.2,485.16 3 1
homelab/pkg/services/ip/service.go:485.16,487.3 1 0
homelab/pkg/services/ip/service.go:488.2,491.16 3 1
homelab/pkg/services/ip/service.go:491.16,493.3 1 0
homelab/pkg/services/ip/service.go:495.2,495.16 1 1
homelab/pkg/services/ip/service.go:495.16,496.38 1 1
homelab/pkg/services/ip/service.go:496.38,497.63 1 1
homelab/pkg/services/ip/service.go:497.63,499.5 1 0
homelab/pkg/services/ip/service.go:500.9,502.4 1 0
homelab/pkg/services/ip/service.go:505.2,513.6 4 1
homelab/pkg/services/ip/service.go:513.6,514.23 1 1
homelab/pkg/services/ip/service.go:514.23,515.9 1 1
homelab/pkg/services/ip/service.go:518.3,519.20 2 1
homelab/pkg/services/ip/service.go:519.20,520.9 1 1
homelab/pkg/services/ip/service.go:522.3,522.17 1 1
homelab/pkg/services/ip/service.go:522.17,524.4 1 0
homelab/pkg/services/ip/service.go:526.3,526.19 1 1
homelab/pkg/services/ip/service.go:526.19,529.19 3 1
homelab/pkg/services/ip/service.go:529.19,530.28 1 1
homelab/pkg/services/ip/service.go:530.28,531.54 1 1
homelab/pkg/services/ip/service.go:531.54,533.12 2 1
homelab/pkg/services/ip/service.go:537.4,537.19 1 1
homelab/pkg/services/ip/service.go:537.19,538.13 1 1
homelab/pkg/services/ip/service.go:542.3,546.12 2 1
homelab/pkg/services/ip/service.go:550.2,550.37 1 1
homelab/pkg/services/ip/service.go:550.37,552.22 2 1
homelab/pkg/services/ip/service.go:552.22,554.4 1 1
homelab/pkg/services/ip/service.go:554.9,556.4 1 1
homelab/pkg/services/ip/service.go:559.2,559.17 1 1
homelab/pkg/services/ip/service.go:564.90,565.69 1 1
homelab/pkg/services/ip/service.go:565.69,567.3 1 0
homelab/pkg/services/ip/service.go:568.2,568.21 1 1
homelab/pkg/services/ip/service.go:568.21,570.3 1 1
homelab/pkg/services/ip/service.go:571.2,575.12 5 1
homelab/pkg/services/ip/service.go:578.90,580.65 2 1
homelab/pkg/services/ip/service.go:580.65,582.3 1 0
homelab/pkg/services/ip/service.go:583.2,584.16 2 1
homelab/pkg/services/ip/service.go:584.16,586.3 1 0
homelab/pkg/services/ip/service.go:587.2,591.12 5 1
homelab/pkg/services/ip/service.go:594.76,596.65 2 1
homelab/pkg/services/ip/service.go:596.65,598.3 1 0
homelab/pkg/services/ip/service.go:601.2,601.28 1 1
homelab/pkg/services/ip/service.go:601.28,603.3 1 1
homelab/pkg/services/ip/service.go:604.2,606.12 3 1
homelab/pkg/services/ip/service.go:609.93,611.2 1 1
homelab/pkg/services/ip/service.go:613.125,615.2 1 1
homelab/pkg/services/ip/service.go:617.126,623.16 2 1
homelab/pkg/services/ip/service.go:623.16,625.3 1 0
homelab/pkg/services/ip/service.go:627.2,628.35 2 1
homelab/pkg/services/ip/service.go:628.35,631.17 3 1
homelab/pkg/services/ip/service.go:631.17,632.12 1 1
homelab/pkg/services/ip/service.go:634.3,635.17 2 1
homelab/pkg/services/ip/service.go:635.17,637.12 2 0
homelab/pkg/services/ip/service.go:640.3,640.25 1 1
homelab/pkg/services/ip/service.go:640.25,642.21 2 1
homelab/pkg/services/ip/service.go:642.21,643.10 1 1
homelab/pkg/services/ip/service.go:646.4,652.36 2 1
homelab/pkg/services/ip/service.go:652.36,657.5 1 1
homelab/pkg/services/ip/service.go:659.3,660.25 2 1
homelab/pkg/services/ip/service.go:660.25,661.9 1 0
homelab/pkg/services/ip/service.go:665.2,665.21 1 1
homelab/pkg/services/ip/service.go:670.90,672.2 1 1
homelab/pkg/services/ip/service.go:674.91,676.2 1 1
homelab/pkg/services/ip/service.go:680.98,681.69 1 1
homelab/pkg/services/ip/service.go:681.69,683.3 1 0
homelab/pkg/services/ip/service.go:684.2,684.21 1 1
homelab/pkg/services/ip/service.go:684.21,685.27 1 1
homelab/pkg/services/ip/service.go:685.27,687.60 2 1
homelab/pkg/services/ip/service.go:687.60,689.10 2 1
homelab/pkg/services/ip/service.go:692.3,692.22 1 1
homelab/pkg/services/ip/service.go:692.22,694.4 1 0
homelab/pkg/services/ip/service.go:696.2,699.34 4 1
homelab/pkg/services/ip/service.go:699.34,701.3 1 1
homelab/pkg/services/ip/service.go:702.2,703.12 2 1
homelab/pkg/services/ip/service.go:706.98,707.69 1 1
homelab/pkg/services/ip/service.go:707.69,709.3 1 0
homelab/pkg/services/ip/service.go:710.2,711.16 2 1
homelab/pkg/services/ip/service.go:711.16,713.3 1 0
homelab/pkg/services/ip/service.go:714.2,717.16 4 1
homelab/pkg/services/ip/service.go:717.16,718.21 1 1
homelab/pkg/services/ip/service.go:718.21,720.4 1 0
homelab/pkg/services/ip/service.go:720.9,722.4 1 1
homelab/pkg/services/ip/service.go:724.2,725.12 2 1
homelab/pkg/services/ip/service.go:728.80,730.16 2 1
homelab/pkg/services/ip/service.go:730.16,732.3 1 0
homelab/pkg/services/ip/service.go:733.2,734.16 2 1
homelab/pkg/services/ip/service.go:734.16,736.3 1 1
homelab/pkg/services/ip/service.go:737.2,738.12 2 1
homelab/pkg/services/ip/service.go:741.101,743.2 1 1
homelab/pkg/services/ip/service.go:745.134,747.2 1 1
homelab/pkg/services/ip/service.go:749.68,750.69 1 1
homelab/pkg/services/ip/service.go:750.69,752.3 1 0
homelab/pkg/services/ip/service.go:753.2,754.16 2 1
homelab/pkg/services/ip/service.go:754.16,756.3 1 0
homelab/pkg/services/ip/service.go:758.2,761.16 3 1
homelab/pkg/services/ip/service.go:761.16,764.3 2 1
homelab/pkg/services/ip/service.go:764.8,767.3 2 1
homelab/pkg/services/ip/service.go:769.2,771.12 3 1
homelab/pkg/services/ip/service.go:774.88,775.19 1 1
homelab/pkg/services/ip/service.go:775.19,777.3 1 0
homelab/pkg/services/ip/service.go:778.2,778.21 1 1
homelab/pkg/services/ip/service.go:778.21,780.3 1 0
homelab/pkg/services/ip/service.go:781.2,781.26 1 1
homelab/pkg/services/ip/service.go:781.26,783.3 1 1
homelab/pkg/services/ip/service.go:787.2,787.68 1 1
homelab/pkg/services/ip/service.go:787.68,789.3 1 1
homelab/pkg/services/ip/service.go:791.2,792.16 2 1
homelab/pkg/services/ip/service.go:792.16,794.3 1 0
homelab/pkg/services/ip/service.go:795.2,802.16 5 1
homelab/pkg/services/ip/service.go:802.16,804.3 1 0
homelab/pkg/services/ip/service.go:805.2,807.38 2 1
homelab/pkg/services/ip/service.go:807.38,809.3 1 0
homelab/pkg/services/ip/service.go:811.2,811.55 1 1
homelab/pkg/services/ip/service.go:811.55,813.3 1 0
homelab/pkg/services/ip/service.go:814.2,822.53 5 1
homelab/pkg/services/ip/service.go:822.53,824.3 1 0
homelab/pkg/services/ip/service.go:826.2,826.37 1 1
homelab/pkg/services/ip/service.go:826.37,828.38 2 1
homelab/pkg/services/ip/service.go:828.38,830.4 1 0
homelab/pkg/services/ip/service.go:831.3,831.31 1 1
homelab/pkg/services/ip/service.go:831.31,833.4 1 1
homelab/pkg/services/ip/service.go:834.3,837.13 4 1
homelab/pkg/services/ip/service.go:840.2,845.69 3 1
homelab/pkg/services/ip/service.go:845.69,846.38 1 1
homelab/pkg/services/ip/service.go:846.38,848.4 1 1
homelab/pkg/services/ip/service.go:849.3,849.31 1 1
homelab/pkg/services/ip/service.go:849.31,851.4 1 1
homelab/pkg/services/ip/service.go:854.2,854.30 1 1
homelab/pkg/services/ip/service.go:854.30,856.17 2 0
homelab/pkg/services/ip/service.go:856.17,858.4 1 0
homelab/pkg/services/ip/service.go:859.3,861.38 2 0
homelab/pkg/services/ip/service.go:861.38,870.48 2 0
homelab/pkg/services/ip/service.go:870.48,871.13 1 0
homelab/pkg/services/ip/service.go:873.4,875.36 3 0
homelab/pkg/services/ip/service.go:875.36,877.5 1 0
homelab/pkg/services/ip/service.go:878.4,878.32 1 0
homelab/pkg/services/ip/service.go:878.32,880.19 2 0
homelab/pkg/services/ip/service.go:880.19,882.6 1 0
homelab/pkg/services/ip/service.go:883.5,883.70 1 0
homelab/pkg/services/ip/service.go:883.70,885.6 1 0
homelab/pkg/services/ip/service.go:885.11,885.77 1 0
homelab/pkg/services/ip/service.go:885.77,887.6 1 0
homelab/pkg/services/ip/service.go:889.4,889.22 1 0
homelab/pkg/services/ip/service.go:889.22,891.5 1 0
homelab/pkg/services/ip/service.go:892.4,892.37 1 0
homelab/pkg/services/ip/service.go:894.8,894.41 1 1
homelab/pkg/services/ip/service.go:894.41,899.17 4 1
homelab/pkg/services/ip/service.go:899.17,901.4 1 0
homelab/pkg/services/ip/service.go:903.3,904.17 2 1
homelab/pkg/services/ip/service.go:904.17,906.4 1 0
homelab/pkg/services/ip/service.go:908.3,908.31 1 1
homelab/pkg/services/ip/service.go:908.31,910.4 1 1
homelab/pkg/services/ip/service.go:911.8,911.35 1 1
homelab/pkg/services/ip/service.go:911.35,913.17 2 1
homelab/pkg/services/ip/service.go:913.17,915.4 1 0
homelab/pkg/services/ip/service.go:916.3,919.16 3 1
homelab/pkg/services/ip/service.go:919.16,921.4 1 1
homelab/pkg/services/ip/service.go:923.3,926.31 4 1
homelab/pkg/services/ip/service.go:926.31,928.4 1 1
homelab/pkg/services/ip/service.go:931.3,933.36 3 1
homelab/pkg/services/ip/service.go:933.36,935.15 2 1
homelab/pkg/services/ip/service.go:935.15,937.5 1 1
homelab/pkg/services/ip/service.go:940.3,945.17 5 1
homelab/pkg/services/ip/service.go:945.17,947.4 1 0
homelab/pkg/services/ip/service.go:949.3,949.31 1 1
homelab/pkg/services/ip/service.go:949.31,950.25 1 1
homelab/pkg/services/ip/service.go:950.25,951.13 1 0
homelab/pkg/services/ip/service.go:953.4,954.52 2 1
homelab/pkg/services/ip/service.go:954.52,955.13 1 0
homelab/pkg/services/ip/service.go:958.4,959.18 2 1
homelab/pkg/services/ip/service.go:959.18,961.19 2 1
homelab/pkg/services/ip/service.go:961.19,962.14 1 1
homelab/pkg/services/ip/service.go:964.5,964.51 1 1
homelab/pkg/services/ip/service.go:967.4,970.40 3 1
homelab/pkg/services/ip/service.go:970.40,972.21 2 1
homelab/pkg/services/ip/service.go:972.21,974.6 1 1
homelab/pkg/services/ip/service.go:976.4,976.37 1 1
homelab/pkg/services/ip/service.go:978.8,980.17 2 1
homelab/pkg/services/ip/service.go:980.17,982.4 1 0
homelab/pkg/services/ip/service.go:985.3,987.36 3 1
homelab/pkg/services/ip/service.go:987.36,989.15 2 1
homelab/pkg/services/ip/service.go:989.15,991.5 1 1
homelab/pkg/services/ip/service.go:994.3,994.30 1 1
homelab/pkg/services/ip/service.go:994.30,996.4 1 1
homelab/pkg/services/ip/service.go:998.3,999.30 2 1
homelab/pkg/services/ip/service.go:999.30,1001.50 2 1
homelab/pkg/services/ip/service.go:1001.50,1002.13 1 1
homelab/pkg/services/ip/service.go:1004.4,1005.18 2 1
homelab/pkg/services/ip/service.go:1005.18,1007.19 2 0
homelab/pkg/services/ip/service.go:1007.19,1008.14 1 0
homelab/pkg/services/ip/service.go:1010.5,1010.51 1 0
homelab/pkg/services/ip/service.go:1012.4,1013.40 2 1
homelab/pkg/services/ip/service.go:1017.2,1017.25 1 1
homelab/pkg/services/ip/service.go:1017.25,1019.3 1 0
homelab/pkg/services/ip/service.go:1022.2,1026.16 4 1
homelab/pkg/services/ip/service.go:1026.16,1028.3 1 0
homelab/pkg/services/ip/service.go:1030.2,1035.60 4 1
homelab/pkg/services/ip/service.go:1035.60,1037.17 2 1
homelab/pkg/services/ip/service.go:1037.17,1042.8 4 1
homelab/pkg/services/ip/service.go:1042.8,1044.22 2 1
homelab/pkg/services/ip/service.go:1044.22,1045.11 1 1
homelab/pkg/services/ip/service.go:1049.5,1053.33 4 1
homelab/pkg/services/ip/service.go:1053.33,1055.38 2 1
homelab/pkg/services/ip/service.go:1055.38,1057.7 1 1
homelab/pkg/services/ip/service.go:1057.12,1058.42 1 1
homelab/pkg/services/ip/service.go:1058.42,1060.8 1 1
homelab/pkg/services/ip/service.go:1061.7,1061.45 1 1
homelab/pkg/services/ip/service.go:1065.5,1065.55 1 1
homelab/pkg/services/ip/service.go:1065.55,1067.25 1 1
homelab/pkg/services/ip/service.go:1067.25,1070.15 1 1
homelab/pkg/services/ip/service.go:1071.12,1075.36 2 0
homelab/pkg/services/ip/service.go:1075.36,1077.8 1 0
homelab/pkg/services/ip/service.go:1078.7,1079.15 2 0
homelab/pkg/services/ip/service.go:1084.5,1085.33 2 1
homelab/pkg/services/ip/service.go:1085.33,1087.6 1 1
homelab/pkg/services/ip/service.go:1088.5,1088.47 1 1
homelab/pkg/services/ip/service.go:1090.4,1090.14 1 1
homelab/pkg/services/ip/service.go:1095.2,1096.40 2 1
homelab/pkg/services/ip/service.go:1096.40,1098.27 2 1
homelab/pkg/services/ip/service.go:1098.27,1100.4 1 1
homelab/pkg/services/ip/service.go:1101.3,1101.79 1 1
homelab/pkg/services/ip/service.go:1104.2,1107.16 3 1
homelab/pkg/services/ip/service.go:1107.16,1109.3 1 0
homelab/pkg/services/ip/service.go:1110.2,1113.16 4 1
homelab/pkg/services/ip/service.go:1113.16,1115.3 1 0
homelab/pkg/services/ip/service.go:1116.2,1126.35 8 1
homelab/pkg/services/ip/service.go:1129.32,1135.25 6 1
homelab/pkg/services/ip/service.go:1135.25,1137.3 1 1
homelab/pkg/services/ip/service.go:1138.2,1138.18 1 1
homelab/pkg/services/ip/service.go:1140.74,1142.86 2 1
homelab/pkg/services/ip/service.go:1142.86,1144.3 1 1
homelab/pkg/services/ip/service.go:1146.2,1147.16 2 1
homelab/pkg/services/ip/service.go:1147.16,1149.3 1 0
homelab/pkg/services/ip/service.go:1151.2,1152.46 2 1
homelab/pkg/services/ip/service.go:1152.46,1154.3 1 0
homelab/pkg/services/ip/service.go:1156.2,1157.16 2 1
homelab/pkg/services/ip/service.go:1157.16,1160.16 2 0
homelab/pkg/services/ip/service.go:1160.16,1161.40 1 0
homelab/pkg/services/ip/service.go:1161.40,1163.5 1 0
homelab/pkg/services/ip/service.go:1164.4,1164.14 1 0
homelab/pkg/services/ip/service.go:1167.3,1167.13 1 0
homelab/pkg/services/ip/service.go:1170.2,1170.25 1 1
homelab/pkg/services/ip/service.go:1170.25,1171.39 1 1
homelab/pkg/services/ip/service.go:1171.39,1173.4 1 1
homelab/pkg/services/ip/service.go:1176.2,1176.12 1 1
homelab/pkg/services/ip/service.go:1179.34,1180.77 1 1
homelab/pkg/services/ip/service.go:1180.77,1182.3 1 1
homelab/pkg/services/ip/service.go:1183.2,1183.33 1 1
homelab/pkg/services/ip/service.go:1183.33,1187.3 1 1
homelab/pkg/services/ip/service.go:1188.2,1188.14 1 0
homelab/pkg/services/ip/trie.go:18.34,22.2 1 1
homelab/pkg/services/ip/trie.go:24.60,28.16 4 1
homelab/pkg/services/ip/trie.go:28.16,32.3 3 1
homelab/pkg/services/ip/trie.go:32.8,36.3 3 1
homelab/pkg/services/ip/trie.go:38.2,41.28 3 1
homelab/pkg/services/ip/trie.go:41.28,46.32 4 1
homelab/pkg/services/ip/trie.go:46.32,48.4 1 1
homelab/pkg/services/ip/trie.go:49.3,49.28 1 1
homelab/pkg/services/ip/trie.go:53.2,54.40 2 1
homelab/pkg/services/ip/trie.go:57.75,61.14 4 1
homelab/pkg/services/ip/trie.go:61.14,66.3 4 1
homelab/pkg/services/ip/trie.go:66.8,71.3 4 1
homelab/pkg/services/ip/trie.go:73.2,78.31 5 1
homelab/pkg/services/ip/trie.go:78.31,79.25 1 1
homelab/pkg/services/ip/trie.go:79.25,83.4 3 1
homelab/pkg/services/ip/trie.go:85.3,89.32 4 1
homelab/pkg/services/ip/trie.go:89.32,90.9 1 1
homelab/pkg/services/ip/trie.go:92.3,92.28 1 1
homelab/pkg/services/ip/trie.go:96.2,96.24 1 1
homelab/pkg/services/ip/trie.go:96.24,100.3 3 1
homelab/pkg/services/ip/trie.go:102.2,102.52 1 1
homelab/pkg/services/ip/v2ray_pb.go:22.75,25.37 2 1
homelab/pkg/services/ip/v2ray_pb.go:25.37,33.30 4 1
homelab/pkg/services/ip/v2ray_pb.go:33.30,46.4 7 1
homelab/pkg/services/ip/v2ray_pb.go:49.3,50.56 2 1
homelab/pkg/services/ip/v2ray_pb.go:53.2,54.12 2 1
homelab/pkg/services/ip/v2ray_pb.go:58.98,62.20 2 1
homelab/pkg/services/ip/v2ray_pb.go:62.20,64.12 2 1
homelab/pkg/services/ip/v2ray_pb.go:64.12,66.4 1 0
homelab/pkg/services/ip/v2ray_pb.go:67.3,69.45 2 1
homelab/pkg/services/ip/v2ray_pb.go:69.45,71.13 2 1
homelab/pkg/services/ip/v2ray_pb.go:71.13,73.5 1 0
homelab/pkg/services/ip/v2ray_pb.go:74.4,78.18 3 1
homelab/pkg/services/ip/v2ray_pb.go:78.18,80.5 1 1
homelab/pkg/services/ip/v2ray_pb.go:81.9,83.13 2 0
homelab/pkg/services/ip/v2ray_pb.go:83.13,85.5 1 0
homelab/pkg/services/ip/v2ray_pb.go:86.4,86.19 1 0
homelab/pkg/services/ip/v2ray_pb.go:89.2,89.21 1 1
homelab/pkg/services/ip/v2ray_pb.go:92.99,97.20 4 1
homelab/pkg/services/ip/v2ray_pb.go:97.20,99.12 2 1
homelab/pkg/services/ip/v2ray_pb.go:99.12,100.9 1 0
homelab/pkg/services/ip/v2ray_pb.go:102.3,104.14 2 1
homelab/pkg/services/ip/v2ray_pb.go:105.10,106.34 1 1
homelab/pkg/services/ip/v2ray_pb.go:106.34,108.15 2 1
homelab/pkg/services/ip/v2ray_pb.go:108.15,111.6 2 1
homelab/pkg/services/ip/v2ray_pb.go:113.10,114.34 1 1
homelab/pkg/services/ip/v2ray_pb.go:114.34,116.15 2 1
homelab/pkg/services/ip/v2ray_pb.go:116.15,119.6 2 1
homelab/pkg/services/ip/v2ray_pb.go:121.11,123.13 2 0
homelab/pkg/services/ip/v2ray_pb.go:123.13,124.10 1 0
homelab/pkg/services/ip/v2ray_pb.go:126.4,126.19 1 0
homelab/pkg/services/ip/v2ray_pb.go:130.2,130.63 1 1
homelab/pkg/services/ip/v2ray_pb.go:130.63,132.3 1 1
homelab/pkg/services/ip/v2ray_pb.go:134.2,135.29 2 1
homelab/pkg/services/ip/v2ray_pb.go:135.29,137.17 2 1
homelab/pkg/services/ip/v2ray_pb.go:137.17,142.4 1 1
homelab/pkg/services/ip/v2ray_pb.go:145.2,145.21 1 1
homelab/pkg/services/ip/v2ray_pb.go:148.56,152.20 3 1
homelab/pkg/services/ip/v2ray_pb.go:152.20,154.12 2 1
homelab/pkg/services/ip/v2ray_pb.go:154.12,155.9 1 0
homelab/pkg/services/ip/v2ray_pb.go:157.3,159.14 2 1
homelab/pkg/services/ip/v2ray_pb.go:160.10,161.34 1 1
homelab/pkg/services/ip/v2ray_pb.go:161.34,163.15 2 1
homelab/pkg/services/ip/v2ray_pb.go:163.15,166.6 2 1
homelab/pkg/services/ip/v2ray_pb.go:168.10,169.35 1 1
homelab/pkg/services/ip/v2ray_pb.go:169.35,171.15 2 1
homelab/pkg/services/ip/v2ray_pb.go:171.15,174.6 2 1
homelab/pkg/services/ip/v2ray_pb.go:176.11,178.13 2 0
homelab/pkg/services/ip/v2ray_pb.go:178.13,179.10 1 0
homelab/pkg/services/ip/v2ray_pb.go:181.4,181.19 1 0
homelab/pkg/services/ip/v2ray_pb.go:185.2,185.18 1 1
homelab/pkg/services/ip/v2ray_pb.go:185.18,187.3 1 0
homelab/pkg/services/ip/v2ray_pb.go:188.2,189.9 2 1
homelab/pkg/services/ip/v2ray_pb.go:189.9,191.3 1 0
homelab/pkg/services/ip/v2ray_pb.go:192.2,192.49 1 1
