mode: set
homelab/pkg/services/actions/engine.go:35.13,40.2 4 1
homelab/pkg/services/actions/engine.go:53.168,55.99 1 1
homelab/pkg/services/actions/engine.go:55.99,57.3 1 1
homelab/pkg/services/actions/engine.go:60.2,61.16 2 1
homelab/pkg/services/actions/engine.go:61.16,64.3 2 0
homelab/pkg/services/actions/engine.go:65.2,65.33 1 1
homelab/pkg/services/actions/engine.go:65.33,66.65 1 1
homelab/pkg/services/actions/engine.go:66.65,69.4 2 0
homelab/pkg/services/actions/engine.go:72.2,72.22 1 1
homelab/pkg/services/actions/engine.go:72.22,74.3 1 1
homelab/pkg/services/actions/engine.go:76.2,95.16 5 1
homelab/pkg/services/actions/engine.go:95.16,98.3 2 0
homelab/pkg/services/actions/engine.go:99.2,101.61 2 1
homelab/pkg/services/actions/engine.go:101.61,105.3 3 0
homelab/pkg/services/actions/engine.go:108.2,109.26 2 1
homelab/pkg/services/actions/engine.go:109.26,111.3 1 1
homelab/pkg/services/actions/engine.go:111.8,111.33 1 1
homelab/pkg/services/actions/engine.go:111.33,113.3 1 0
homelab/pkg/services/actions/engine.go:115.2,118.17 3 1
homelab/pkg/services/actions/engine.go:118.17,120.3 1 1
homelab/pkg/services/actions/engine.go:120.8,122.3 1 0
homelab/pkg/services/actions/engine.go:124.2,127.16 3 1
homelab/pkg/services/actions/engine.go:127.16,131.3 3 0
homelab/pkg/services/actions/engine.go:132.2,134.12 2 1
homelab/pkg/services/actions/engine.go:134.12,137.3 2 1
homelab/pkg/services/actions/engine.go:139.2,139.25 1 1
homelab/pkg/services/actions/engine.go:142.150,143.15 1 1
homelab/pkg/services/actions/engine.go:143.15,145.62 2 1
homelab/pkg/services/actions/engine.go:145.62,146.27 1 1
homelab/pkg/services/actions/engine.go:146.27,149.5 2 1
homelab/pkg/services/actions/engine.go:151.3,152.31 2 1
homelab/pkg/services/actions/engine.go:152.31,155.4 2 1
homelab/pkg/services/actions/engine.go:156.3,156.31 1 1
homelab/pkg/services/actions/engine.go:156.31,159.4 2 1
homelab/pkg/services/actions/engine.go:160.3,160.35 1 1
homelab/pkg/services/actions/engine.go:160.35,166.4 5 1
homelab/pkg/services/actions/engine.go:166.9,168.4 1 1
homelab/pkg/services/actions/engine.go:169.3,175.17 7 1
homelab/pkg/services/actions/engine.go:178.2,187.38 8 1
homelab/pkg/services/actions/engine.go:187.38,188.62 1 1
homelab/pkg/services/actions/engine.go:188.62,189.27 1 1
homelab/pkg/services/actions/engine.go:189.27,192.5 2 1
homelab/pkg/services/actions/engine.go:195.3,207.10 6 1
homelab/pkg/services/actions/engine.go:208.21,210.10 2 1
homelab/pkg/services/actions/engine.go:211.11,211.11 0 1
homelab/pkg/services/actions/engine.go:215.3,215.20 1 1
homelab/pkg/services/actions/engine.go:215.20,217.18 2 1
homelab/pkg/services/actions/engine.go:217.18,220.5 2 0
homelab/pkg/services/actions/engine.go:221.4,221.18 1 1
homelab/pkg/services/actions/engine.go:221.18,224.13 3 1
homelab/pkg/services/actions/engine.go:229.3,230.33 2 1
homelab/pkg/services/actions/engine.go:230.33,232.4 1 1
homelab/pkg/services/actions/engine.go:235.3,236.10 2 1
homelab/pkg/services/actions/engine.go:236.10,239.4 2 0
homelab/pkg/services/actions/engine.go:242.3,244.40 3 1
homelab/pkg/services/actions/engine.go:244.40,246.35 2 1
homelab/pkg/services/actions/engine.go:246.35,248.10 2 0
homelab/pkg/services/actions/engine.go:250.4,250.44 1 1
homelab/pkg/services/actions/engine.go:250.44,252.19 2 1
homelab/pkg/services/actions/engine.go:252.19,254.11 2 0
homelab/pkg/services/actions/engine.go:256.5,256.17 1 1
homelab/pkg/services/actions/engine.go:256.17,258.11 2 1
homelab/pkg/services/actions/engine.go:263.3,263.27 1 1
homelab/pkg/services/actions/engine.go:263.27,264.17 1 1
homelab/pkg/services/actions/engine.go:264.17,268.13 4 0
homelab/pkg/services/actions/engine.go:270.4,271.10 2 1
homelab/pkg/services/actions/engine.go:274.3,286.17 3 1
homelab/pkg/services/actions/engine.go:286.17,287.17 1 1
homelab/pkg/services/actions/engine.go:287.17,291.13 4 1
homelab/pkg/services/actions/engine.go:293.4,294.10 2 1
homelab/pkg/services/actions/engine.go:297.3,299.42 3 1
homelab/pkg/services/actions/engine.go:303.91,304.21 1 1
homelab/pkg/services/actions/engine.go:304.21,306.3 1 0
homelab/pkg/services/actions/engine.go:307.2,307.22 1 1
homelab/pkg/services/actions/engine.go:307.22,309.3 1 1
homelab/pkg/services/actions/engine.go:312.164,313.74 1 1
homelab/pkg/services/actions/engine.go:313.74,315.26 2 1
homelab/pkg/services/actions/engine.go:315.26,317.4 1 0
homelab/pkg/services/actions/engine.go:319.3,328.19 8 1
homelab/pkg/services/actions/engine.go:328.19,329.27 1 1
homelab/pkg/services/actions/engine.go:329.27,330.47 1 1
homelab/pkg/services/actions/engine.go:330.47,331.16 1 1
homelab/pkg/services/actions/engine.go:331.16,333.7 1 1
homelab/pkg/services/actions/engine.go:333.12,335.7 1 0
homelab/pkg/services/actions/engine.go:336.6,336.18 1 1
homelab/pkg/services/actions/engine.go:338.10,338.30 1 1
homelab/pkg/services/actions/engine.go:338.30,339.47 1 1
homelab/pkg/services/actions/engine.go:339.47,340.43 1 1
homelab/pkg/services/actions/engine.go:340.43,343.7 2 1
homelab/pkg/services/actions/engine.go:346.9,346.26 1 1
homelab/pkg/services/actions/engine.go:346.26,347.45 1 1
homelab/pkg/services/actions/engine.go:347.45,350.5 2 1
homelab/pkg/services/actions/engine.go:353.3,353.12 1 1
homelab/pkg/services/actions/engine.go:353.12,355.4 1 1
homelab/pkg/services/actions/engine.go:357.3,357.17 1 1
homelab/pkg/services/actions/engine.go:357.17,359.4 1 1
homelab/pkg/services/actions/engine.go:360.3,360.15 1 1
homelab/pkg/services/actions/engine.go:364.169,369.32 4 1
homelab/pkg/services/actions/engine.go:369.32,370.21 1 1
homelab/pkg/services/actions/engine.go:370.21,371.12 1 0
homelab/pkg/services/actions/engine.go:373.3,383.19 9 1
homelab/pkg/services/actions/engine.go:383.19,384.27 1 1
homelab/pkg/services/actions/engine.go:384.27,385.47 1 1
homelab/pkg/services/actions/engine.go:385.47,388.6 2 1
homelab/pkg/services/actions/engine.go:389.10,389.30 1 0
homelab/pkg/services/actions/engine.go:389.30,390.47 1 0
homelab/pkg/services/actions/engine.go:390.47,391.43 1 0
homelab/pkg/services/actions/engine.go:391.43,394.7 2 0
homelab/pkg/services/actions/engine.go:397.9,397.26 1 0
homelab/pkg/services/actions/engine.go:397.26,398.45 1 0
homelab/pkg/services/actions/engine.go:398.45,401.5 2 0
homelab/pkg/services/actions/engine.go:404.3,404.13 1 1
homelab/pkg/services/actions/engine.go:404.13,405.18 1 0
homelab/pkg/services/actions/engine.go:405.18,407.5 1 0
homelab/pkg/services/actions/engine.go:407.10,409.5 1 0
homelab/pkg/services/actions/engine.go:412.3,414.33 3 1
homelab/pkg/services/actions/engine.go:417.2,418.16 2 1
homelab/pkg/services/actions/engine.go:418.16,420.3 1 0
homelab/pkg/services/actions/engine.go:422.2,423.16 2 1
homelab/pkg/services/actions/engine.go:423.16,425.3 1 0
homelab/pkg/services/actions/engine.go:427.2,427.27 1 1
homelab/pkg/services/actions/engine.go:430.87,431.38 1 1
homelab/pkg/services/actions/engine.go:431.38,433.3 1 1
homelab/pkg/services/actions/engine.go:433.8,435.3 1 1
homelab/pkg/services/actions/engine.go:436.2,440.54 5 1
homelab/pkg/services/actions/engine.go:443.51,444.55 1 1
homelab/pkg/services/actions/engine.go:444.55,447.3 2 1
homelab/pkg/services/actions/engine.go:448.2,448.14 1 0
homelab/pkg/services/actions/logger.go:28.72,34.40 2 1
homelab/pkg/services/actions/logger.go:34.40,36.3 1 0
homelab/pkg/services/actions/logger.go:37.2,37.15 1 1
homelab/pkg/services/actions/logger.go:40.41,42.2 1 1
homelab/pkg/services/actions/logger.go:44.42,45.26 1 1
homelab/pkg/services/actions/logger.go:45.26,49.3 3 1
homelab/pkg/services/actions/logger.go:51.2,57.16 5 1
homelab/pkg/services/actions/logger.go:57.16,59.3 1 0
homelab/pkg/services/actions/logger.go:60.2,62.12 3 1
homelab/pkg/services/actions/logger.go:65.48,68.55 3 1
homelab/pkg/services/actions/logger.go:68.55,74.21 5 1
homelab/pkg/services/actions/logger.go:74.21,77.4 2 1
homelab/pkg/services/actions/logger.go:82.41,86.29 3 1
homelab/pkg/services/actions/logger.go:86.29,91.3 4 1
homelab/pkg/services/actions/logger.go:95.42,99.26 3 1
homelab/pkg/services/actions/logger.go:99.26,101.3 1 0
homelab/pkg/services/actions/logger.go:103.2,108.65 4 1
homelab/pkg/services/actions/logger.go:108.65,110.3 1 1
homelab/pkg/services/actions/logger.go:113.2,117.22 5 1
homelab/pkg/services/actions/logger.go:117.22,119.3 1 1
homelab/pkg/services/actions/logger.go:122.60,124.2 1 1
homelab/pkg/services/actions/logger.go:126.70,128.2 1 1
homelab/pkg/services/actions/logger.go:130.73,132.2 1 1
homelab/pkg/services/actions/logger.go:135.105,138.16 3 1
homelab/pkg/services/actions/logger.go:138.16,139.25 1 1
homelab/pkg/services/actions/logger.go:139.25,143.18 3 1
homelab/pkg/services/actions/logger.go:143.18,144.27 1 1
homelab/pkg/services/actions/logger.go:144.27,146.6 1 1
homelab/pkg/services/actions/logger.go:147.5,147.23 1 0
homelab/pkg/services/actions/logger.go:149.9,151.4 1 0
homelab/pkg/services/actions/logger.go:153.2,161.21 7 1
homelab/pkg/services/actions/logger.go:161.21,162.28 1 1
homelab/pkg/services/actions/logger.go:162.28,168.59 3 1
homelab/pkg/services/actions/logger.go:168.59,170.94 2 1
homelab/pkg/services/actions/logger.go:170.94,173.6 2 1
homelab/pkg/services/actions/logger.go:175.4,175.30 1 1
homelab/pkg/services/actions/logger.go:177.3,177.16 1 1
homelab/pkg/services/actions/logger.go:179.2,179.41 1 1
homelab/pkg/services/actions/logger.go:183.80,187.20 2 1
homelab/pkg/services/actions/logger.go:187.20,189.35 2 1
homelab/pkg/services/actions/logger.go:189.35,196.43 5 1
homelab/pkg/services/actions/logger.go:196.43,197.10 1 1
homelab/pkg/services/actions/logger.go:200.3,203.15 2 1
homelab/pkg/services/actions/logger.go:203.15,204.9 1 0
homelab/pkg/services/actions/logger.go:207.2,207.21 1 1
homelab/pkg/services/actions/logger.go:211.58,215.2 3 1
homelab/pkg/services/actions/logger.go:218.50,220.2 1 1
homelab/pkg/services/actions/logger.go:222.30,225.26 3 1
homelab/pkg/services/actions/logger.go:225.26,229.3 3 1
homelab/pkg/services/actions/registry.go:12.40,17.2 4 1
homelab/pkg/services/actions/registry.go:19.52,24.2 4 1
homelab/pkg/services/actions/registry.go:26.37,30.29 4 0
homelab/pkg/services/actions/registry.go:30.29,32.3 1 0
homelab/pkg/services/actions/registry.go:33.2,33.12 1 0
homelab/pkg/services/actions/self_healing.go:12.26,15.16 3 0
homelab/pkg/services/actions/self_healing.go:15.16,18.3 2 0
homelab/pkg/services/actions/self_healing.go:20.2,20.37 1 0
homelab/pkg/services/actions/self_healing.go:20.37,21.35 1 0
homelab/pkg/services/actions/self_healing.go:21.35,26.4 4 0
homelab/pkg/services/actions/self_healing.go:29.2,30.16 2 0
homelab/pkg/services/actions/self_healing.go:30.16,33.3 2 0
homelab/pkg/services/actions/self_healing.go:35.2,35.32 1 0
homelab/pkg/services/actions/self_healing.go:35.32,36.69 1 0
homelab/pkg/services/actions/self_healing.go:36.69,37.44 1 0
homelab/pkg/services/actions/self_healing.go:37.44,40.24 2 0
homelab/pkg/services/actions/self_healing.go:40.24,45.65 3 0
homelab/pkg/services/actions/self_healing.go:45.65,48.7 2 0
homelab/pkg/services/actions/self_healing.go:48.12,50.7 1 0
homelab/pkg/services/actions/service.go:24.77,26.43 1 1
homelab/pkg/services/actions/service.go:26.43,28.3 1 1
homelab/pkg/services/actions/service.go:31.2,32.16 2 1
homelab/pkg/services/actions/service.go:32.16,34.3 1 0
homelab/pkg/services/actions/service.go:35.2,35.13 1 1
homelab/pkg/services/actions/service.go:35.13,37.3 1 1
homelab/pkg/services/actions/service.go:39.2,45.34 3 1
homelab/pkg/services/actions/service.go:45.34,46.43 1 1
homelab/pkg/services/actions/service.go:46.43,48.4 1 0
homelab/pkg/services/actions/service.go:49.3,49.27 1 1
homelab/pkg/services/actions/service.go:49.27,50.60 1 1
homelab/pkg/services/actions/service.go:50.60,52.5 1 0
homelab/pkg/services/actions/service.go:56.2,56.38 1 1
homelab/pkg/services/actions/service.go:56.38,58.10 2 1
homelab/pkg/services/actions/service.go:58.10,60.4 1 0
homelab/pkg/services/actions/service.go:62.3,65.61 2 1
homelab/pkg/services/actions/service.go:65.61,67.31 2 1
homelab/pkg/services/actions/service.go:67.31,69.5 1 1
homelab/pkg/services/actions/service.go:72.3,73.37 2 1
homelab/pkg/services/actions/service.go:73.37,75.4 1 1
homelab/pkg/services/actions/service.go:78.3,79.44 2 1
homelab/pkg/services/actions/service.go:79.44,81.4 1 1
homelab/pkg/services/actions/service.go:84.3,84.40 1 1
homelab/pkg/services/actions/service.go:84.40,86.22 2 1
homelab/pkg/services/actions/service.go:86.22,87.44 1 1
homelab/pkg/services/actions/service.go:87.44,89.6 1 0
homelab/pkg/services/actions/service.go:94.3,94.30 1 1
homelab/pkg/services/actions/service.go:94.30,95.39 1 1
homelab/pkg/services/actions/service.go:95.39,97.5 1 0
homelab/pkg/services/actions/service.go:101.3,101.20 1 1
homelab/pkg/services/actions/service.go:101.20,108.34 4 1
homelab/pkg/services/actions/service.go:108.34,109.23 1 1
homelab/pkg/services/actions/service.go:109.23,110.14 1 0
homelab/pkg/services/actions/service.go:112.5,120.18 7 1
homelab/pkg/services/actions/service.go:120.18,122.23 1 1
homelab/pkg/services/actions/service.go:122.23,124.7 1 1
homelab/pkg/services/actions/service.go:126.6,126.98 1 1
homelab/pkg/services/actions/service.go:126.98,128.7 1 0
homelab/pkg/services/actions/service.go:129.11,129.28 1 1
homelab/pkg/services/actions/service.go:129.28,131.21 1 1
homelab/pkg/services/actions/service.go:131.21,132.46 1 1
homelab/pkg/services/actions/service.go:132.46,134.8 1 1
homelab/pkg/services/actions/service.go:138.5,140.26 3 1
homelab/pkg/services/actions/service.go:142.4,143.18 2 1
homelab/pkg/services/actions/service.go:143.18,145.5 1 1
homelab/pkg/services/actions/service.go:146.4,146.15 1 1
homelab/pkg/services/actions/service.go:150.3,153.33 2 1
homelab/pkg/services/actions/service.go:153.33,158.34 3 1
homelab/pkg/services/actions/service.go:158.34,159.23 1 1
homelab/pkg/services/actions/service.go:159.23,160.14 1 0
homelab/pkg/services/actions/service.go:162.5,168.18 6 1
homelab/pkg/services/actions/service.go:168.18,169.23 1 1
homelab/pkg/services/actions/service.go:169.23,171.7 1 1
homelab/pkg/services/actions/service.go:173.6,173.98 1 1
homelab/pkg/services/actions/service.go:173.98,175.7 1 1
homelab/pkg/services/actions/service.go:176.11,176.28 1 1
homelab/pkg/services/actions/service.go:176.28,178.21 1 1
homelab/pkg/services/actions/service.go:178.21,179.46 1 1
homelab/pkg/services/actions/service.go:179.46,181.8 1 0
homelab/pkg/services/actions/service.go:187.4,187.35 1 1
homelab/pkg/services/actions/service.go:187.35,189.41 1 1
homelab/pkg/services/actions/service.go:189.41,191.20 2 1
homelab/pkg/services/actions/service.go:191.20,193.7 1 0
homelab/pkg/services/actions/service.go:194.6,194.17 1 1
homelab/pkg/services/actions/service.go:194.17,196.7 1 1
homelab/pkg/services/actions/service.go:199.5,199.32 1 1
homelab/pkg/services/actions/service.go:199.32,201.34 1 1
homelab/pkg/services/actions/service.go:201.34,202.15 1 1
homelab/pkg/services/actions/service.go:204.6,205.20 2 1
homelab/pkg/services/actions/service.go:205.20,207.7 1 0
homelab/pkg/services/actions/service.go:208.6,208.18 1 1
homelab/pkg/services/actions/service.go:208.18,210.7 1 1
homelab/pkg/services/actions/service.go:215.2,215.12 1 1
homelab/pkg/services/actions/service.go:218.95,219.56 1 1
homelab/pkg/services/actions/service.go:219.56,221.3 1 1
homelab/pkg/services/actions/service.go:223.2,227.60 4 1
homelab/pkg/services/actions/service.go:227.60,229.3 1 1
homelab/pkg/services/actions/service.go:231.2,232.57 2 1
homelab/pkg/services/actions/service.go:232.57,235.3 2 0
homelab/pkg/services/actions/service.go:236.2,239.22 4 1
homelab/pkg/services/actions/service.go:242.106,245.16 2 1
homelab/pkg/services/actions/service.go:245.16,247.3 1 0
homelab/pkg/services/actions/service.go:250.2,250.72 1 1
homelab/pkg/services/actions/service.go:250.72,252.3 1 0
homelab/pkg/services/actions/service.go:255.2,258.56 2 1
homelab/pkg/services/actions/service.go:258.56,260.3 1 0
homelab/pkg/services/actions/service.go:262.2,263.37 2 1
homelab/pkg/services/actions/service.go:263.37,265.3 1 0
homelab/pkg/services/actions/service.go:266.2,266.37 1 1
homelab/pkg/services/actions/service.go:266.37,268.3 1 0
homelab/pkg/services/actions/service.go:269.2,269.31 1 1
homelab/pkg/services/actions/service.go:269.31,271.3 1 1
homelab/pkg/services/actions/service.go:272.2,272.55 1 1
homelab/pkg/services/actions/service.go:272.55,274.3 1 0
homelab/pkg/services/actions/service.go:275.2,275.45 1 1
homelab/pkg/services/actions/service.go:275.45,277.3 1 1
homelab/pkg/services/actions/service.go:278.2,278.39 1 1
homelab/pkg/services/actions/service.go:278.39,280.3 1 0
homelab/pkg/services/actions/service.go:281.2,281.45 1 1
homelab/pkg/services/actions/service.go:281.45,283.3 1 0
homelab/pkg/services/actions/service.go:284.2,284.51 1 1
homelab/pkg/services/actions/service.go:284.51,286.3 1 0
homelab/pkg/services/actions/service.go:288.2,288.41 1 1
homelab/pkg/services/actions/service.go:288.41,290.3 1 0
homelab/pkg/services/actions/service.go:291.2,291.43 1 1
homelab/pkg/services/actions/service.go:291.43,293.3 1 0
homelab/pkg/services/actions/service.go:295.2,295.60 1 1
homelab/pkg/services/actions/service.go:295.60,297.34 2 0
homelab/pkg/services/actions/service.go:297.34,299.4 1 0
homelab/pkg/services/actions/service.go:301.2,306.22 5 1
homelab/pkg/services/actions/service.go:306.22,308.3 1 1
homelab/pkg/services/actions/service.go:308.8,310.3 1 0
homelab/pkg/services/actions/service.go:312.2,312.57 1 1
homelab/pkg/services/actions/service.go:312.57,315.3 2 0
homelab/pkg/services/actions/service.go:316.2,319.22 4 1
homelab/pkg/services/actions/service.go:322.72,324.16 2 1
homelab/pkg/services/actions/service.go:324.16,326.3 1 0
homelab/pkg/services/actions/service.go:329.2,329.72 1 1
homelab/pkg/services/actions/service.go:329.72,331.3 1 0
homelab/pkg/services/actions/service.go:333.2,337.51 4 1
homelab/pkg/services/actions/service.go:337.51,340.3 2 0
homelab/pkg/services/actions/service.go:341.2,342.29 2 1
homelab/pkg/services/actions/service.go:345.76,347.16 2 1
homelab/pkg/services/actions/service.go:347.16,349.3 1 1
homelab/pkg/services/actions/service.go:351.2,351.72 1 1
homelab/pkg/services/actions/service.go:351.72,353.3 1 1
homelab/pkg/services/actions/service.go:354.2,354.16 1 1
homelab/pkg/services/actions/service.go:357.59,359.16 2 1
homelab/pkg/services/actions/service.go:359.16,361.3 1 0
homelab/pkg/services/actions/service.go:364.2,364.72 1 1
homelab/pkg/services/actions/service.go:364.72,366.3 1 1
homelab/pkg/services/actions/service.go:369.2,370.16 2 1
homelab/pkg/services/actions/service.go:370.16,371.34 1 1
homelab/pkg/services/actions/service.go:371.34,372.29 1 0
homelab/pkg/services/actions/service.go:372.29,374.5 1 0
homelab/pkg/services/actions/service.go:376.3,376.29 1 1
homelab/pkg/services/actions/service.go:378.2,382.53 4 1
homelab/pkg/services/actions/service.go:382.53,385.3 2 0
homelab/pkg/services/actions/service.go:386.2,388.12 3 1
homelab/pkg/services/actions/service.go:391.68,393.16 2 1
homelab/pkg/services/actions/service.go:393.16,395.3 1 0
homelab/pkg/services/actions/service.go:397.2,399.25 3 1
homelab/pkg/services/actions/service.go:399.25,400.42 1 1
homelab/pkg/services/actions/service.go:400.42,402.4 1 1
homelab/pkg/services/actions/service.go:404.2,404.22 1 1
homelab/pkg/services/actions/service.go:409.149,411.23 1 1
homelab/pkg/services/actions/service.go:411.23,413.3 1 1
homelab/pkg/services/actions/service.go:416.2,416.31 1 1
homelab/pkg/services/actions/service.go:416.31,417.82 1 1
homelab/pkg/services/actions/service.go:417.82,419.4 1 0
homelab/pkg/services/actions/service.go:423.2,423.19 1 1
homelab/pkg/services/actions/service.go:423.19,425.3 1 1
homelab/pkg/services/actions/service.go:426.2,427.36 2 1
homelab/pkg/services/actions/service.go:427.36,429.23 2 1
homelab/pkg/services/actions/service.go:429.23,430.41 1 1
homelab/pkg/services/actions/service.go:430.41,432.5 1 0
homelab/pkg/services/actions/service.go:433.4,433.21 1 1
homelab/pkg/services/actions/service.go:436.3,436.29 1 1
homelab/pkg/services/actions/service.go:436.29,438.34 1 1
homelab/pkg/services/actions/service.go:438.35,440.5 0 1
homelab/pkg/services/actions/service.go:440.10,442.19 2 1
homelab/pkg/services/actions/service.go:442.19,444.6 1 0
homelab/pkg/services/actions/service.go:445.5,445.17 1 1
homelab/pkg/services/actions/service.go:445.17,447.6 1 1
homelab/pkg/services/actions/service.go:450.3,450.23 1 1
homelab/pkg/services/actions/service.go:453.2,469.61 4 1
homelab/pkg/services/actions/service.go:469.61,471.3 1 0
homelab/pkg/services/actions/service.go:473.2,473.30 1 1
homelab/pkg/services/actions/service.go:473.30,483.3 3 1
homelab/pkg/services/actions/service.go:483.8,486.3 1 1
homelab/pkg/services/actions/service.go:488.2,490.24 3 1
homelab/pkg/services/actions/service.go:493.122,497.20 3 1
homelab/pkg/services/actions/service.go:497.20,499.3 1 1
homelab/pkg/services/actions/service.go:500.2,503.16 3 1
homelab/pkg/services/actions/service.go:503.16,505.3 1 0
homelab/pkg/services/actions/service.go:508.2,509.47 2 1
homelab/pkg/services/actions/service.go:509.47,511.3 1 1
homelab/pkg/services/actions/service.go:513.2,515.20 3 1
homelab/pkg/services/actions/service.go:515.20,516.29 1 0
homelab/pkg/services/actions/service.go:516.29,518.4 1 0
homelab/pkg/services/actions/service.go:518.9,520.4 1 0
homelab/pkg/services/actions/service.go:523.2,523.25 1 1
homelab/pkg/services/actions/service.go:523.25,525.3 1 0
homelab/pkg/services/actions/service.go:527.2,527.70 1 1
homelab/pkg/services/actions/service.go:530.84,532.16 2 1
homelab/pkg/services/actions/service.go:532.16,534.3 1 1
homelab/pkg/services/actions/service.go:536.2,536.85 1 1
homelab/pkg/services/actions/service.go:536.85,538.3 1 0
homelab/pkg/services/actions/service.go:541.2,542.17 2 1
homelab/pkg/services/actions/service.go:542.17,544.3 1 1
homelab/pkg/services/actions/service.go:544.8,546.3 1 0
homelab/pkg/services/actions/service.go:548.2,548.18 1 1
homelab/pkg/services/actions/service.go:551.76,553.16 2 0
homelab/pkg/services/actions/service.go:553.16,555.3 1 0
homelab/pkg/services/actions/service.go:557.2,559.27 3 0
homelab/pkg/services/actions/service.go:559.27,560.52 1 0
homelab/pkg/services/actions/service.go:560.52,563.19 2 0
homelab/pkg/services/actions/service.go:563.19,565.5 1 0
homelab/pkg/services/actions/service.go:565.10,567.5 1 0
homelab/pkg/services/actions/service.go:568.4,568.37 1 0
homelab/pkg/services/actions/service.go:571.2,571.22 1 0
homelab/pkg/services/actions/service.go:574.63,576.16 2 1
homelab/pkg/services/actions/service.go:576.16,578.3 1 0
homelab/pkg/services/actions/service.go:581.2,581.85 1 1
homelab/pkg/services/actions/service.go:581.85,583.3 1 0
homelab/pkg/services/actions/service.go:586.2,586.30 1 1
homelab/pkg/services/actions/service.go:586.30,588.3 1 0
homelab/pkg/services/actions/service.go:590.2,590.57 1 1
homelab/pkg/services/actions/service.go:590.57,592.3 1 0
homelab/pkg/services/actions/service.go:595.2,596.12 2 1
homelab/pkg/services/actions/service.go:599.71,601.16 2 1
homelab/pkg/services/actions/service.go:601.16,603.3 1 0
homelab/pkg/services/actions/service.go:605.2,609.27 4 1
homelab/pkg/services/actions/service.go:609.27,611.53 1 1
homelab/pkg/services/actions/service.go:611.53,612.12 1 0
homelab/pkg/services/actions/service.go:616.3,616.64 1 1
homelab/pkg/services/actions/service.go:616.64,620.4 3 1
homelab/pkg/services/actions/service.go:622.2,622.19 1 1
homelab/pkg/services/actions/service.go:625.63,627.16 2 0
homelab/pkg/services/actions/service.go:627.16,629.3 1 0
homelab/pkg/services/actions/service.go:632.2,632.89 1 0
homelab/pkg/services/actions/service.go:632.89,634.3 1 0
homelab/pkg/services/actions/service.go:636.2,637.31 2 0
homelab/pkg/services/actions/service.go:637.31,640.3 2 0
homelab/pkg/services/actions/service.go:642.2,643.16 2 0
homelab/pkg/services/actions/service.go:643.16,646.3 2 0
homelab/pkg/services/actions/service.go:647.2,647.34 1 0
homelab/pkg/services/actions/service.go:647.34,651.62 4 0
homelab/pkg/services/actions/service.go:651.62,654.4 2 0
homelab/pkg/services/actions/service.go:655.3,656.13 2 0
homelab/pkg/services/actions/service.go:658.2,659.12 2 0
homelab/pkg/services/actions/service.go:662.77,664.16 2 1
homelab/pkg/services/actions/service.go:664.16,666.3 1 0
homelab/pkg/services/actions/service.go:669.2,669.89 1 1
homelab/pkg/services/actions/service.go:669.89,671.3 1 0
homelab/pkg/services/actions/service.go:674.2,675.16 2 1
homelab/pkg/services/actions/service.go:675.16,677.3 1 0
homelab/pkg/services/actions/service.go:679.2,679.18 1 1
homelab/pkg/services/actions/service.go:682.109,684.16 2 1
homelab/pkg/services/actions/service.go:684.16,686.3 1 0
homelab/pkg/services/actions/service.go:689.2,689.89 1 1
homelab/pkg/services/actions/service.go:689.89,691.3 1 0
homelab/pkg/services/actions/service.go:693.2,693.65 1 1
homelab/pkg/services/actions/service.go:696.40,697.17 1 0
homelab/pkg/services/actions/service.go:697.17,699.3 1 0
homelab/pkg/services/actions/service.go:700.2,701.12 2 0
homelab/pkg/services/actions/service.go:709.52,710.25 1 0
homelab/pkg/services/actions/service.go:710.25,712.3 1 0
homelab/pkg/services/actions/service.go:713.2,713.12 1 0
homelab/pkg/services/actions/service.go:716.79,718.9 2 0
homelab/pkg/services/actions/service.go:718.9,720.3 1 0
homelab/pkg/services/actions/service.go:723.2,727.16 3 0
homelab/pkg/services/actions/service.go:727.16,729.3 1 0
homelab/pkg/services/actions/service.go:730.2,734.16 3 0
homelab/pkg/services/actions/service.go:734.16,736.3 1 0
homelab/pkg/services/actions/service.go:737.2,742.20 5 0
homelab/pkg/services/actions/service.go:742.20,743.29 1 0
homelab/pkg/services/actions/service.go:743.29,745.4 1 0
homelab/pkg/services/actions/service.go:745.9,747.4 1 0
homelab/pkg/services/actions/service.go:750.2,757.28 1 0
homelab/pkg/services/actions/service.go:757.29,757.30 0 0
homelab/pkg/services/actions/service.go:761.2,761.47 1 0
homelab/pkg/services/actions/service.go:763.13,764.118 1 1
homelab/pkg/services/actions/service.go:764.118,769.26 3 0
homelab/pkg/services/actions/service.go:769.26,770.36 1 0
homelab/pkg/services/actions/service.go:770.36,776.5 1 0
homelab/pkg/services/actions/service.go:780.3,780.56 1 0
homelab/pkg/services/actions/service.go:780.56,781.40 1 0
homelab/pkg/services/actions/service.go:781.40,783.25 2 0
homelab/pkg/services/actions/service.go:783.25,785.20 2 0
homelab/pkg/services/actions/service.go:785.20,786.36 1 0
homelab/pkg/services/actions/service.go:786.36,787.46 1 0
homelab/pkg/services/actions/service.go:787.46,793.9 1 0
homelab/pkg/services/actions/service.go:796.11,802.6 1 0
homelab/pkg/services/actions/service.go:806.3,806.18 1 0
homelab/pkg/services/actions/service.go:809.2,809.136 1 1
homelab/pkg/services/actions/service.go:809.136,810.67 1 1
homelab/pkg/services/actions/service.go:810.67,812.4 1 0
homelab/pkg/services/actions/service.go:813.3,814.17 2 1
homelab/pkg/services/actions/service.go:814.17,816.4 1 0
homelab/pkg/services/actions/service.go:817.3,819.32 3 1
homelab/pkg/services/actions/service.go:819.32,820.128 1 1
homelab/pkg/services/actions/service.go:820.128,821.13 1 0
homelab/pkg/services/actions/service.go:823.4,827.6 1 1
homelab/pkg/services/actions/service.go:829.3,830.17 2 1
homelab/pkg/services/actions/service.go:830.17,832.4 1 0
homelab/pkg/services/actions/service.go:833.3,833.22 1 1
homelab/pkg/services/actions/service.go:833.22,835.4 1 0
homelab/pkg/services/actions/service.go:836.3,837.18 2 1
homelab/pkg/services/actions/service.go:837.18,839.4 1 1
homelab/pkg/services/actions/service.go:840.3,840.39 1 1
homelab/pkg/services/actions/service_schema.go:3.54,7.30 3 0
homelab/pkg/services/actions/service_schema.go:7.30,8.17 1 0
homelab/pkg/services/actions/service_schema.go:8.17,9.12 1 0
homelab/pkg/services/actions/service_schema.go:12.3,14.22 3 0
homelab/pkg/services/actions/service_schema.go:14.22,15.31 1 0
homelab/pkg/services/actions/service_schema.go:15.31,16.21 1 0
homelab/pkg/services/actions/service_schema.go:16.21,21.21 2 0
homelab/pkg/services/actions/service_schema.go:21.21,23.7 1 0
homelab/pkg/services/actions/service_schema.go:28.3,47.4 1 0
homelab/pkg/services/actions/service_schema.go:50.2,51.38 2 0
homelab/pkg/services/actions/service_schema.go:51.38,53.3 1 0
homelab/pkg/services/actions/service_schema.go:55.2,86.3 1 0
homelab/pkg/services/actions/trigger.go:28.34,31.2 2 1
homelab/pkg/services/actions/trigger.go:33.52,35.102 1 1
homelab/pkg/services/actions/trigger.go:35.102,37.17 2 0
homelab/pkg/services/actions/trigger.go:37.17,39.4 1 0
homelab/pkg/services/actions/trigger.go:40.3,40.24 1 0
homelab/pkg/services/actions/trigger.go:44.2,44.102 1 1
homelab/pkg/services/actions/trigger.go:44.102,46.3 1 0
homelab/pkg/services/actions/trigger.go:49.2,49.92 1 1
homelab/pkg/services/actions/trigger.go:49.92,51.63 2 1
homelab/pkg/services/actions/trigger.go:51.63,54.4 2 0
homelab/pkg/services/actions/trigger.go:57.3,59.21 3 1
homelab/pkg/services/actions/trigger.go:59.21,62.4 1 1
homelab/pkg/services/actions/trigger.go:68.3,69.17 2 1
homelab/pkg/services/actions/trigger.go:69.17,72.4 2 0
homelab/pkg/services/actions/trigger.go:74.3,76.17 3 1
homelab/pkg/services/actions/trigger.go:76.17,78.4 1 0
homelab/pkg/services/actions/trigger.go:82.66,87.16 4 0
homelab/pkg/services/actions/trigger.go:87.16,89.3 1 0
homelab/pkg/services/actions/trigger.go:91.2,92.31 2 0
homelab/pkg/services/actions/trigger.go:92.31,93.56 1 0
homelab/pkg/services/actions/trigger.go:93.56,96.4 2 0
homelab/pkg/services/actions/trigger.go:98.2,99.12 2 0
homelab/pkg/services/actions/trigger.go:102.61,107.41 3 1
homelab/pkg/services/actions/trigger.go:107.41,110.3 2 1
homelab/pkg/services/actions/trigger.go:113.2,113.55 1 1
homelab/pkg/services/actions/trigger.go:113.55,115.3 1 1
homelab/pkg/services/actions/trigger.go:118.60,122.46 3 1
homelab/pkg/services/actions/trigger.go:122.46,125.3 2 1
homelab/pkg/services/actions/trigger.go:128.57,131.84 3 1
homelab/pkg/services/actions/trigger.go:131.84,134.63 2 0
homelab/pkg/services/actions/trigger.go:134.63,136.4 1 0
homelab/pkg/services/actions/trigger.go:138.3,141.17 3 0
homelab/pkg/services/actions/trigger.go:141.17,143.4 1 0
homelab/pkg/services/actions/trigger.go:146.2,146.16 1 1
homelab/pkg/services/actions/trigger.go:146.16,149.3 2 0
homelab/pkg/services/actions/trigger.go:150.2,150.28 1 1
homelab/pkg/services/actions/trigger.go:153.36,155.40 2 1
homelab/pkg/services/actions/trigger.go:155.40,157.3 1 0
homelab/pkg/services/actions/trigger.go:158.2,158.30 1 1
homelab/pkg/services/ip/analysis.go:26.83,28.6 2 1
homelab/pkg/services/ip/analysis.go:28.6,30.21 2 1
homelab/pkg/services/ip/analysis.go:30.21,32.4 1 1
homelab/pkg/services/ip/analysis.go:33.3,33.10 1 0
homelab/pkg/services/ip/analysis.go:34.21,35.25 1 0
homelab/pkg/services/ip/analysis.go:36.45,36.45 0 0
homelab/pkg/services/ip/analysis.go:41.59,48.90 3 1
homelab/pkg/services/ip/analysis.go:48.90,51.3 2 0
homelab/pkg/services/ip/analysis.go:53.2,53.15 1 1
homelab/pkg/services/ip/analysis.go:57.92,59.45 1 1
homelab/pkg/services/ip/analysis.go:59.45,61.3 1 1
homelab/pkg/services/ip/analysis.go:64.2,65.45 2 1
homelab/pkg/services/ip/analysis.go:65.45,68.3 2 0
homelab/pkg/services/ip/analysis.go:69.2,73.16 3 1
homelab/pkg/services/ip/analysis.go:73.16,75.3 1 0
homelab/pkg/services/ip/analysis.go:76.2,81.45 2 1
homelab/pkg/services/ip/analysis.go:81.45,83.3 1 0
homelab/pkg/services/ip/analysis.go:86.2,88.16 3 1
homelab/pkg/services/ip/analysis.go:88.16,90.3 1 0
homelab/pkg/services/ip/analysis.go:91.2,94.16 3 1
homelab/pkg/services/ip/analysis.go:94.16,96.3 1 1
homelab/pkg/services/ip/analysis.go:98.2,99.6 2 1
homelab/pkg/services/ip/analysis.go:99.6,101.20 2 1
homelab/pkg/services/ip/analysis.go:101.20,102.9 1 1
homelab/pkg/services/ip/analysis.go:104.3,104.17 1 1
homelab/pkg/services/ip/analysis.go:104.17,106.4 1 0
homelab/pkg/services/ip/analysis.go:107.3,107.28 1 1
homelab/pkg/services/ip/analysis.go:110.2,111.18 2 1
homelab/pkg/services/ip/analysis.go:114.54,116.2 1 0
homelab/pkg/services/ip/analysis.go:119.122,121.16 2 1
homelab/pkg/services/ip/analysis.go:121.16,123.3 1 0
homelab/pkg/services/ip/analysis.go:126.2,126.24 1 1
homelab/pkg/services/ip/analysis.go:126.24,128.17 2 0
homelab/pkg/services/ip/analysis.go:128.17,130.4 1 0
homelab/pkg/services/ip/analysis.go:131.3,131.28 1 0
homelab/pkg/services/ip/analysis.go:131.28,133.4 1 0
homelab/pkg/services/ip/analysis.go:136.2,136.31 1 1
homelab/pkg/services/ip/analysis.go:136.31,138.17 2 1
homelab/pkg/services/ip/analysis.go:138.17,139.12 1 0
homelab/pkg/services/ip/analysis.go:141.3,142.9 2 1
homelab/pkg/services/ip/analysis.go:142.9,145.77 2 1
homelab/pkg/services/ip/analysis.go:145.77,147.5 1 1
homelab/pkg/services/ip/analysis.go:150.4,155.27 5 1
homelab/pkg/services/ip/analysis.go:155.27,159.36 3 1
homelab/pkg/services/ip/analysis.go:159.36,161.86 1 0
homelab/pkg/services/ip/analysis.go:161.86,163.7 1 0
homelab/pkg/services/ip/analysis.go:166.5,166.49 1 1
homelab/pkg/services/ip/analysis.go:166.49,169.6 2 1
homelab/pkg/services/ip/analysis.go:172.4,177.10 2 1
homelab/pkg/services/ip/analysis.go:181.2,181.54 1 1
homelab/pkg/services/ip/analysis.go:185.98,187.2 1 1
homelab/pkg/services/ip/codec.go:40.24,42.2 1 1
homelab/pkg/services/ip/codec.go:45.78,59.58 5 1
homelab/pkg/services/ip/codec.go:59.58,68.3 8 1
homelab/pkg/services/ip/codec.go:70.2,70.47 1 1
homelab/pkg/services/ip/codec.go:70.47,72.3 1 0
homelab/pkg/services/ip/codec.go:75.2,77.50 3 1
homelab/pkg/services/ip/codec.go:77.50,79.3 1 0
homelab/pkg/services/ip/codec.go:81.2,81.25 1 1
homelab/pkg/services/ip/codec.go:81.25,84.45 3 1
homelab/pkg/services/ip/codec.go:84.45,86.4 1 0
homelab/pkg/services/ip/codec.go:87.3,87.48 1 1
homelab/pkg/services/ip/codec.go:87.48,89.4 1 0
homelab/pkg/services/ip/codec.go:93.2,94.28 2 1
homelab/pkg/services/ip/codec.go:94.28,98.17 4 1
homelab/pkg/services/ip/codec.go:98.17,101.4 2 1
homelab/pkg/services/ip/codec.go:103.3,109.52 6 1
homelab/pkg/services/ip/codec.go:109.52,111.4 1 0
homelab/pkg/services/ip/codec.go:114.3,115.36 2 1
homelab/pkg/services/ip/codec.go:115.36,117.46 2 1
homelab/pkg/services/ip/codec.go:117.46,119.5 1 0
homelab/pkg/services/ip/codec.go:124.2,127.42 3 1
homelab/pkg/services/ip/codec.go:127.42,128.57 1 1
homelab/pkg/services/ip/codec.go:128.57,130.4 1 0
homelab/pkg/services/ip/codec.go:131.3,131.53 1 1
homelab/pkg/services/ip/codec.go:131.53,133.4 1 0
homelab/pkg/services/ip/codec.go:136.2,136.12 1 1
homelab/pkg/services/ip/codec.go:146.46,148.53 2 1
homelab/pkg/services/ip/codec.go:148.53,150.3 1 1
homelab/pkg/services/ip/codec.go:152.2,159.38 7 1
homelab/pkg/services/ip/codec.go:159.38,161.3 1 0
homelab/pkg/services/ip/codec.go:162.2,162.31 1 1
homelab/pkg/services/ip/codec.go:162.31,164.3 1 0
homelab/pkg/services/ip/codec.go:167.2,168.56 2 1
homelab/pkg/services/ip/codec.go:168.56,170.3 1 0
homelab/pkg/services/ip/codec.go:171.2,174.41 3 1
homelab/pkg/services/ip/codec.go:174.41,176.51 2 1
homelab/pkg/services/ip/codec.go:176.51,178.4 1 0
homelab/pkg/services/ip/codec.go:179.3,181.48 3 1
homelab/pkg/services/ip/codec.go:181.48,183.4 1 0
homelab/pkg/services/ip/codec.go:184.3,184.24 1 1
homelab/pkg/services/ip/codec.go:187.2,191.8 1 1
homelab/pkg/services/ip/codec.go:194.38,196.2 1 1
homelab/pkg/services/ip/codec.go:198.34,200.2 1 1
homelab/pkg/services/ip/codec.go:202.57,204.16 2 1
homelab/pkg/services/ip/codec.go:204.16,206.3 1 1
homelab/pkg/services/ip/codec.go:207.2,208.30 2 1
homelab/pkg/services/ip/codec.go:208.30,209.39 1 1
homelab/pkg/services/ip/codec.go:209.39,211.4 1 0
homelab/pkg/services/ip/codec.go:212.3,212.30 1 1
homelab/pkg/services/ip/codec.go:214.2,214.26 1 1
homelab/pkg/services/ip/codec.go:217.64,219.55 2 1
homelab/pkg/services/ip/codec.go:219.55,221.3 1 1
homelab/pkg/services/ip/codec.go:222.2,225.17 3 1
homelab/pkg/services/ip/codec.go:225.17,227.3 1 1
homelab/pkg/services/ip/codec.go:227.8,227.24 1 1
homelab/pkg/services/ip/codec.go:227.24,229.3 1 1
homelab/pkg/services/ip/codec.go:229.8,231.3 1 0
homelab/pkg/services/ip/codec.go:233.2,234.53 2 1
homelab/pkg/services/ip/codec.go:234.53,236.3 1 0
homelab/pkg/services/ip/codec.go:238.2,239.53 2 1
homelab/pkg/services/ip/codec.go:239.53,241.3 1 0
homelab/pkg/services/ip/codec.go:242.2,245.57 3 1
homelab/pkg/services/ip/codec.go:245.57,247.3 1 0
homelab/pkg/services/ip/codec.go:248.2,251.9 3 1
homelab/pkg/services/ip/codec.go:251.9,253.3 1 0
homelab/pkg/services/ip/codec.go:254.2,258.40 4 1
homelab/pkg/services/ip/codec.go:258.40,259.53 1 1
homelab/pkg/services/ip/codec.go:259.53,261.4 1 0
homelab/pkg/services/ip/codec.go:262.3,262.50 1 1
homelab/pkg/services/ip/codec.go:265.2,265.29 1 1
homelab/pkg/services/ip/export.go:59.64,66.2 3 1
homelab/pkg/services/ip/export.go:68.37,72.30 4 1
homelab/pkg/services/ip/export.go:72.30,74.29 2 0
homelab/pkg/services/ip/export.go:74.29,75.54 1 0
homelab/pkg/services/ip/export.go:75.54,78.5 2 0
homelab/pkg/services/ip/export.go:83.43,85.29 2 1
homelab/pkg/services/ip/export.go:85.29,99.3 3 1
homelab/pkg/services/ip/export.go:101.2,102.103 2 1
homelab/pkg/services/ip/export.go:105.37,109.2 3 1
homelab/pkg/services/ip/export.go:111.59,116.14 4 1
homelab/pkg/services/ip/export.go:116.14,118.3 1 0
homelab/pkg/services/ip/export.go:120.2,132.3 3 1
homelab/pkg/services/ip/export.go:135.53,139.28 4 1
homelab/pkg/services/ip/export.go:139.28,153.3 3 1
homelab/pkg/services/ip/export.go:154.2,154.12 1 1
homelab/pkg/services/ip/export.go:157.45,158.12 1 0
homelab/pkg/services/ip/export.go:158.12,160.22 2 0
homelab/pkg/services/ip/export.go:160.22,162.4 1 0
homelab/pkg/services/ip/export.go:166.35,171.29 5 1
homelab/pkg/services/ip/export.go:171.29,178.63 5 0
homelab/pkg/services/ip/export.go:178.63,181.4 2 0
homelab/pkg/services/ip/export.go:183.2,183.13 1 1
homelab/pkg/services/ip/export.go:183.13,185.3 1 0
homelab/pkg/services/ip/export.go:188.64,192.26 4 1
homelab/pkg/services/ip/export.go:192.26,193.42 1 1
homelab/pkg/services/ip/export.go:193.42,196.4 2 1
homelab/pkg/services/ip/export.go:198.2,198.13 1 1
homelab/pkg/services/ip/export.go:198.13,200.3 1 1
homelab/pkg/services/ip/export.go:203.47,205.14 2 1
homelab/pkg/services/ip/export.go:205.14,207.3 1 0
homelab/pkg/services/ip/export.go:209.2,212.21 4 1
homelab/pkg/services/ip/export.go:214.108,216.16 2 1
homelab/pkg/services/ip/export.go:216.16,218.3 1 0
homelab/pkg/services/ip/export.go:221.2,224.33 4 1
homelab/pkg/services/ip/export.go:224.33,227.15 3 1
homelab/pkg/services/ip/export.go:227.15,229.4 1 1
homelab/pkg/services/ip/export.go:231.2,235.28 3 1
homelab/pkg/services/ip/export.go:235.28,236.61 1 1
homelab/pkg/services/ip/export.go:236.61,240.67 3 0
homelab/pkg/services/ip/export.go:240.67,243.5 2 0
homelab/pkg/services/ip/export.go:248.2,249.29 2 1
homelab/pkg/services/ip/export.go:249.29,250.42 1 1
homelab/pkg/services/ip/export.go:250.42,252.4 1 1
homelab/pkg/services/ip/export.go:255.2,268.29 6 1
homelab/pkg/services/ip/export.go:268.29,270.53 2 1
homelab/pkg/services/ip/export.go:270.53,272.4 1 1
homelab/pkg/services/ip/export.go:273.3,273.16 1 1
homelab/pkg/services/ip/export.go:276.2,279.20 3 1
homelab/pkg/services/ip/export.go:282.35,284.2 1 1
homelab/pkg/services/ip/export.go:286.94,289.32 3 1
homelab/pkg/services/ip/export.go:289.32,293.3 3 1
homelab/pkg/services/ip/export.go:294.2,305.16 4 1
homelab/pkg/services/ip/export.go:305.16,312.3 6 0
homelab/pkg/services/ip/export.go:315.2,316.33 2 1
homelab/pkg/services/ip/export.go:316.33,318.15 2 1
homelab/pkg/services/ip/export.go:318.15,320.4 1 1
homelab/pkg/services/ip/export.go:322.2,322.23 1 1
homelab/pkg/services/ip/export.go:322.23,324.3 1 1
homelab/pkg/services/ip/export.go:326.2,332.16 6 1
homelab/pkg/services/ip/export.go:332.16,339.3 6 0
homelab/pkg/services/ip/export.go:340.2,342.27 2 1
homelab/pkg/services/ip/export.go:342.27,344.3 1 1
homelab/pkg/services/ip/export.go:346.2,351.27 4 1
homelab/pkg/services/ip/export.go:351.27,356.3 1 0
homelab/pkg/services/ip/export.go:356.8,356.39 1 1
homelab/pkg/services/ip/export.go:356.39,358.3 1 0
homelab/pkg/services/ip/export.go:360.2,360.33 1 1
homelab/pkg/services/ip/export.go:360.33,363.17 3 1
homelab/pkg/services/ip/export.go:363.17,364.12 1 1
homelab/pkg/services/ip/export.go:366.3,367.17 2 1
homelab/pkg/services/ip/export.go:367.17,369.12 2 0
homelab/pkg/services/ip/export.go:371.3,371.7 1 1
homelab/pkg/services/ip/export.go:371.7,373.34 2 1
homelab/pkg/services/ip/export.go:373.34,378.5 4 0
homelab/pkg/services/ip/export.go:379.4,382.21 3 1
homelab/pkg/services/ip/export.go:382.21,383.10 1 1
homelab/pkg/services/ip/export.go:385.4,394.36 3 1
homelab/pkg/services/ip/export.go:394.36,400.28 5 1
homelab/pkg/services/ip/export.go:400.28,401.36 1 1
homelab/pkg/services/ip/export.go:401.36,403.7 1 1
homelab/pkg/services/ip/export.go:407.5,407.24 1 1
homelab/pkg/services/ip/export.go:408.17,409.43 1 1
homelab/pkg/services/ip/export.go:410.17,413.24 3 1
homelab/pkg/services/ip/export.go:413.24,415.7 1 0
homelab/pkg/services/ip/export.go:416.6,417.27 2 1
homelab/pkg/services/ip/export.go:418.17,420.29 2 1
homelab/pkg/services/ip/export.go:420.29,422.36 2 1
homelab/pkg/services/ip/export.go:422.36,424.8 1 1
homelab/pkg/services/ip/export.go:426.22,427.30 1 0
homelab/pkg/services/ip/export.go:427.30,429.7 1 0
homelab/pkg/services/ip/export.go:429.12,430.36 1 0
homelab/pkg/services/ip/export.go:430.36,432.8 1 0
homelab/pkg/services/ip/export.go:434.17,436.29 2 0
homelab/pkg/services/ip/export.go:436.29,438.7 1 0
homelab/pkg/services/ip/export.go:439.6,445.26 3 0
homelab/pkg/services/ip/export.go:445.26,447.7 1 0
homelab/pkg/services/ip/export.go:451.4,451.27 1 1
homelab/pkg/services/ip/export.go:451.27,455.5 3 1
homelab/pkg/services/ip/export.go:457.3,457.13 1 1
homelab/pkg/services/ip/export.go:460.2,460.27 1 1
homelab/pkg/services/ip/export.go:460.27,462.3 1 1
homelab/pkg/services/ip/export.go:462.8,462.39 1 1
homelab/pkg/services/ip/export.go:462.39,464.3 1 0
homelab/pkg/services/ip/export.go:464.8,464.34 1 1
homelab/pkg/services/ip/export.go:464.34,466.3 1 0
homelab/pkg/services/ip/export.go:468.2,469.32 2 1
homelab/pkg/services/ip/export.go:469.32,473.3 3 1
homelab/pkg/services/ip/export.go:474.2,475.15 2 1
homelab/pkg/services/ip/mmdb.go:28.36,33.87 3 1
homelab/pkg/services/ip/mmdb.go:33.87,35.3 1 0
homelab/pkg/services/ip/mmdb.go:37.2,37.10 1 1
homelab/pkg/services/ip/mmdb.go:41.38,46.18 3 1
homelab/pkg/services/ip/mmdb.go:46.18,48.3 1 1
homelab/pkg/services/ip/mmdb.go:49.2,49.19 1 1
homelab/pkg/services/ip/mmdb.go:49.19,51.3 1 0
homelab/pkg/services/ip/mmdb.go:52.2,52.22 1 1
homelab/pkg/services/ip/mmdb.go:52.22,54.3 1 0
homelab/pkg/services/ip/mmdb.go:57.2,61.12 4 1
homelab/pkg/services/ip/mmdb.go:64.62,66.16 2 1
homelab/pkg/services/ip/mmdb.go:66.16,68.3 1 1
homelab/pkg/services/ip/mmdb.go:69.2,70.16 2 1
homelab/pkg/services/ip/mmdb.go:70.16,72.3 1 0
homelab/pkg/services/ip/mmdb.go:73.2,73.15 1 1
homelab/pkg/services/ip/mmdb.go:77.76,82.16 4 1
homelab/pkg/services/ip/mmdb.go:82.16,84.3 1 1
homelab/pkg/services/ip/mmdb.go:86.2,91.66 2 1
homelab/pkg/services/ip/mmdb.go:91.66,98.3 6 1
homelab/pkg/services/ip/mmdb.go:100.2,100.18 1 1
homelab/pkg/services/ip/mmdb.go:100.18,101.44 1 1
homelab/pkg/services/ip/mmdb.go:101.44,104.4 2 1
homelab/pkg/services/ip/mmdb.go:107.2,107.19 1 1
homelab/pkg/services/ip/mmdb.go:107.19,108.47 1 0
homelab/pkg/services/ip/mmdb.go:108.47,110.22 2 0
homelab/pkg/services/ip/mmdb.go:110.22,112.5 1 0
homelab/pkg/services/ip/mmdb.go:113.4,114.25 2 0
homelab/pkg/services/ip/mmdb.go:114.25,116.5 1 0
homelab/pkg/services/ip/mmdb.go:117.4,117.71 1 0
homelab/pkg/services/ip/mmdb.go:117.71,119.5 1 0
homelab/pkg/services/ip/mmdb.go:121.8,121.29 1 1
homelab/pkg/services/ip/mmdb.go:121.29,122.56 1 0
homelab/pkg/services/ip/mmdb.go:122.56,124.25 2 0
homelab/pkg/services/ip/mmdb.go:124.25,126.5 1 0
homelab/pkg/services/ip/mmdb.go:130.2,130.17 1 1
homelab/pkg/services/ip/service.go:38.13,39.121 1 1
homelab/pkg/services/ip/service.go:39.121,42.17 3 0
homelab/pkg/services/ip/service.go:42.17,44.4 1 0
homelab/pkg/services/ip/service.go:45.3,45.28 1 0
homelab/pkg/services/ip/service.go:45.28,46.76 1 0
homelab/pkg/services/ip/service.go:46.76,52.5 1 0
homelab/pkg/services/ip/service.go:54.3,54.18 1 0
homelab/pkg/services/ip/service.go:57.2,57.135 1 1
homelab/pkg/services/ip/service.go:57.135,59.17 2 0
homelab/pkg/services/ip/service.go:59.17,61.4 1 0
homelab/pkg/services/ip/service.go:62.3,63.28 2 0
homelab/pkg/services/ip/service.go:63.28,69.4 1 0
homelab/pkg/services/ip/service.go:70.3,71.17 2 0
homelab/pkg/services/ip/service.go:71.17,73.4 1 0
homelab/pkg/services/ip/service.go:74.3,74.22 1 0
homelab/pkg/services/ip/service.go:74.22,76.4 1 0
homelab/pkg/services/ip/service.go:77.3,78.18 2 0
homelab/pkg/services/ip/service.go:78.18,80.4 1 0
homelab/pkg/services/ip/service.go:81.3,81.39 1 0
homelab/pkg/services/ip/service.go:99.57,107.98 2 1
homelab/pkg/services/ip/service.go:107.98,109.17 2 0
homelab/pkg/services/ip/service.go:109.17,112.4 2 0
homelab/pkg/services/ip/service.go:113.3,113.21 1 0
homelab/pkg/services/ip/service.go:113.21,115.4 1 0
homelab/pkg/services/ip/service.go:115.9,117.4 1 0
homelab/pkg/services/ip/service.go:120.2,120.98 1 1
homelab/pkg/services/ip/service.go:120.98,122.3 1 0
homelab/pkg/services/ip/service.go:125.2,125.88 1 1
homelab/pkg/services/ip/service.go:125.88,129.21 3 1
homelab/pkg/services/ip/service.go:129.21,131.4 1 0
homelab/pkg/services/ip/service.go:132.3,142.36 5 1
homelab/pkg/services/ip/service.go:142.36,144.4 1 0
homelab/pkg/services/ip/service.go:146.3,146.33 1 1
homelab/pkg/services/ip/service.go:149.2,149.12 1 1
homelab/pkg/services/ip/service.go:152.82,154.6 2 1
homelab/pkg/services/ip/service.go:154.6,156.21 2 1
homelab/pkg/services/ip/service.go:156.21,158.4 1 1
homelab/pkg/services/ip/service.go:159.3,159.10 1 0
homelab/pkg/services/ip/service.go:160.21,161.25 1 0
homelab/pkg/services/ip/service.go:162.44,162.44 0 0
homelab/pkg/services/ip/service.go:167.61,169.2 1 1
homelab/pkg/services/ip/service.go:171.63,173.2 1 1
homelab/pkg/services/ip/service.go:175.62,185.29 5 0
homelab/pkg/services/ip/service.go:185.29,186.16 1 0
homelab/pkg/services/ip/service.go:186.16,188.4 1 0
homelab/pkg/services/ip/service.go:192.59,197.35 3 1
homelab/pkg/services/ip/service.go:197.35,199.3 1 0
homelab/pkg/services/ip/service.go:201.2,202.74 2 1
homelab/pkg/services/ip/service.go:202.74,212.3 5 0
homelab/pkg/services/ip/service.go:213.2,213.16 1 1
homelab/pkg/services/ip/service.go:213.16,215.3 1 0
homelab/pkg/services/ip/service.go:218.50,221.38 3 1
homelab/pkg/services/ip/service.go:221.38,224.3 2 0
homelab/pkg/services/ip/service.go:229.87,230.20 1 1
homelab/pkg/services/ip/service.go:230.20,232.3 1 1
homelab/pkg/services/ip/service.go:233.2,234.65 2 1
homelab/pkg/services/ip/service.go:234.65,236.3 1 0
homelab/pkg/services/ip/service.go:237.2,241.12 5 1
homelab/pkg/services/ip/service.go:244.87,246.65 2 1
homelab/pkg/services/ip/service.go:246.65,248.3 1 0
homelab/pkg/services/ip/service.go:249.2,250.16 2 1
homelab/pkg/services/ip/service.go:250.16,252.3 1 0
homelab/pkg/services/ip/service.go:253.2,257.12 5 1
homelab/pkg/services/ip/service.go:260.129,262.65 2 1
homelab/pkg/services/ip/service.go:262.65,264.3 1 0
homelab/pkg/services/ip/service.go:266.2,267.16 2 1
homelab/pkg/services/ip/service.go:267.16,269.3 1 0
homelab/pkg/services/ip/service.go:270.2,273.16 3 1
homelab/pkg/services/ip/service.go:273.16,275.3 1 0
homelab/pkg/services/ip/service.go:277.2,278.16 2 1
homelab/pkg/services/ip/service.go:278.16,280.17 2 0
homelab/pkg/services/ip/service.go:280.17,282.4 1 0
homelab/pkg/services/ip/service.go:283.3,283.67 1 0
homelab/pkg/services/ip/service.go:287.2,287.42 1 1
homelab/pkg/services/ip/service.go:287.42,288.33 1 1
homelab/pkg/services/ip/service.go:288.33,289.33 1 1
homelab/pkg/services/ip/service.go:289.33,291.5 1 0
homelab/pkg/services/ip/service.go:296.2,302.60 6 1
homelab/pkg/services/ip/service.go:302.60,304.17 2 1
homelab/pkg/services/ip/service.go:304.17,306.8 2 1
homelab/pkg/services/ip/service.go:306.8,308.22 2 1
homelab/pkg/services/ip/service.go:308.22,309.11 1 1
homelab/pkg/services/ip/service.go:312.5,312.31 1 1
homelab/pkg/services/ip/service.go:312.31,314.26 2 1
homelab/pkg/services/ip/service.go:314.26,316.32 1 1
homelab/pkg/services/ip/service.go:316.32,318.31 2 1
homelab/pkg/services/ip/service.go:318.31,319.38 1 1
homelab/pkg/services/ip/service.go:319.38,321.15 2 0
homelab/pkg/services/ip/service.go:324.8,324.23 1 1
homelab/pkg/services/ip/service.go:324.23,327.9 2 0
homelab/pkg/services/ip/service.go:328.8,328.16 1 1
homelab/pkg/services/ip/service.go:329.13,332.31 2 1
homelab/pkg/services/ip/service.go:332.31,334.41 2 1
homelab/pkg/services/ip/service.go:334.41,335.22 1 1
homelab/pkg/services/ip/service.go:335.22,337.16 2 1
homelab/pkg/services/ip/service.go:340.9,340.55 1 1
homelab/pkg/services/ip/service.go:340.55,342.10 1 1
homelab/pkg/services/ip/service.go:344.8,344.33 1 1
homelab/pkg/services/ip/service.go:344.33,345.17 1 0
homelab/pkg/services/ip/service.go:347.8,347.26 1 1
homelab/pkg/services/ip/service.go:349.12,349.50 1 1
homelab/pkg/services/ip/service.go:349.50,353.27 2 1
homelab/pkg/services/ip/service.go:353.27,355.39 2 1
homelab/pkg/services/ip/service.go:355.39,357.40 2 1
homelab/pkg/services/ip/service.go:357.40,358.22 1 1
homelab/pkg/services/ip/service.go:358.22,360.16 2 1
homelab/pkg/services/ip/service.go:364.9,364.56 1 1
homelab/pkg/services/ip/service.go:364.56,365.18 1 1
homelab/pkg/services/ip/service.go:367.9,367.40 1 1
homelab/pkg/services/ip/service.go:369.8,369.30 1 1
homelab/pkg/services/ip/service.go:372.7,375.41 3 1
homelab/pkg/services/ip/service.go:380.5,381.28 2 1
homelab/pkg/services/ip/service.go:381.28,382.33 1 1
homelab/pkg/services/ip/service.go:382.33,385.7 2 1
homelab/pkg/services/ip/service.go:386.6,387.50 2 1
homelab/pkg/services/ip/service.go:389.5,389.77 1 1
homelab/pkg/services/ip/service.go:391.4,391.14 1 1
homelab/pkg/services/ip/service.go:395.2,395.29 1 1
homelab/pkg/services/ip/service.go:395.29,399.26 3 1
homelab/pkg/services/ip/service.go:399.26,400.31 1 1
homelab/pkg/services/ip/service.go:400.31,403.5 2 1
homelab/pkg/services/ip/service.go:404.4,405.48 2 1
homelab/pkg/services/ip/service.go:407.3,407.81 1 1
homelab/pkg/services/ip/service.go:408.8,408.61 1 1
homelab/pkg/services/ip/service.go:408.61,410.3 1 0
homelab/pkg/services/ip/service.go:413.2,416.16 4 1
homelab/pkg/services/ip/service.go:416.16,418.3 1 0
homelab/pkg/services/ip/service.go:419.2,422.16 4 1
homelab/pkg/services/ip/service.go:422.16,425.3 2 0
homelab/pkg/services/ip/service.go:428.2,429.16 2 1
homelab/pkg/services/ip/service.go:429.16,432.3 2 0
homelab/pkg/services/ip/service.go:433.2,440.61 6 1
homelab/pkg/services/ip/service.go:440.61,442.3 1 0
homelab/pkg/services/ip/service.go:444.2,445.16 2 1
homelab/pkg/services/ip/service.go:445.16,447.3 1 1
homelab/pkg/services/ip/service.go:449.2,452.12 3 1
homelab/pkg/services/ip/service.go:455.75,457.65 2 1
homelab/pkg/services/ip/service.go:457.65,459.3 1 1
homelab/pkg/services/ip/service.go:461.2,462.16 2 1
homelab/pkg/services/ip/service.go:462.16,464.3 1 0
homelab/pkg/services/ip/service.go:465.2,470.16 4 1
homelab/pkg/services/ip/service.go:470.16,472.3 1 0
homelab/pkg/services/ip/service.go:473.2,473.28 1 1
homelab/pkg/services/ip/service.go:473.28,474.38 1 1
homelab/pkg/services/ip/service.go:474.38,476.4 1 1
homelab/pkg/services/ip/service.go:480.2,481.16 2 1
homelab/pkg/services/ip/service.go:481.16,483.3 1 0
homelab/pkg/services/ip/service.go:484.2,484.29 1 1
homelab/pkg/services/ip/service.go:484.29,485.28 1 1
homelab/pkg/services/ip/service.go:485.28,487.4 1 1
homelab/pkg/services/ip/service.go:491.2,492.16 2 1
homelab/pkg/services/ip/service.go:492.16,494.3 1 0
homelab/pkg/services/ip/service.go:497.2,499.29 3 1
homelab/pkg/services/ip/service.go:499.29,501.3 1 1
homelab/pkg/services/ip/service.go:503.2,503.16 1 1
homelab/pkg/services/ip/service.go:503.16,505.3 1 1
homelab/pkg/services/ip/service.go:506.2,506.12 1 1
homelab/pkg/services/ip/service.go:509.91,511.132 2 1
homelab/pkg/services/ip/service.go:511.132,513.3 1 0
homelab/pkg/services/ip/service.go:514.2,514.31 1 1
homelab/pkg/services/ip/service.go:517.123,519.16 2 1
homelab/pkg/services/ip/service.go:519.16,521.3 1 0
homelab/pkg/services/ip/service.go:523.2,525.27 3 1
homelab/pkg/services/ip/service.go:525.27,526.75 1 1
homelab/pkg/services/ip/service.go:526.75,528.4 1 1
homelab/pkg/services/ip/service.go:531.2,533.15 3 1
homelab/pkg/services/ip/service.go:533.15,535.3 1 0
homelab/pkg/services/ip/service.go:536.2,536.20 1 1
homelab/pkg/services/ip/service.go:536.20,538.3 1 1
homelab/pkg/services/ip/service.go:539.2,540.17 2 1
homelab/pkg/services/ip/service.go:540.17,542.3 1 1
homelab/pkg/services/ip/service.go:544.2,544.40 1 1
homelab/pkg/services/ip/service.go:549.153,551.132 2 1
homelab/pkg/services/ip/service.go:551.132,553.3 1 0
homelab/pkg/services/ip/service.go:554.2,556.16 3 1
homelab/pkg/services/ip/service.go:556.16,558.3 1 0
homelab/pkg/services/ip/service.go:559.2,562.16 3 1
homelab/pkg/services/ip/service.go:562.16,564.3 1 0
homelab/pkg/services/ip/service.go:566.2,566.16 1 1
homelab/pkg/services/ip/service.go:566.16,567.38 1 1
homelab/pkg/services/ip/service.go:567.38,568.63 1 1
homelab/pkg/services/ip/service.go:568.63,570.5 1 0
homelab/pkg/services/ip/service.go:571.9,573.4 1 0
homelab/pkg/services/ip/service.go:576.2,584.6 4 1
homelab/pkg/services/ip/service.go:584.6,585.23 1 1
homelab/pkg/services/ip/service.go:585.23,586.9 1 1
homelab/pkg/services/ip/service.go:589.3,590.20 2 1
homelab/pkg/services/ip/service.go:590.20,591.9 1 1
homelab/pkg/services/ip/service.go:593.3,593.17 1 1
homelab/pkg/services/ip/service.go:593.17,595.4 1 0
homelab/pkg/services/ip/service.go:597.3,597.19 1 1
homelab/pkg/services/ip/service.go:597.19,600.19 3 1
homelab/pkg/services/ip/service.go:600.19,601.28 1 1
homelab/pkg/services/ip/service.go:601.28,602.54 1 1
homelab/pkg/services/ip/service.go:602.54,604.12 2 1
homelab/pkg/services/ip/service.go:608.4,608.19 1 1
homelab/pkg/services/ip/service.go:608.19,609.13 1 1
homelab/pkg/services/ip/service.go:613.3,617.12 2 1
homelab/pkg/services/ip/service.go:621.2,621.37 1 1
homelab/pkg/services/ip/service.go:621.37,623.22 2 1
homelab/pkg/services/ip/service.go:623.22,625.4 1 1
homelab/pkg/services/ip/service.go:625.9,627.4 1 1
homelab/pkg/services/ip/service.go:630.2,630.17 1 1
homelab/pkg/services/ip/service.go:635.90,636.69 1 1
homelab/pkg/services/ip/service.go:636.69,638.3 1 0
homelab/pkg/services/ip/service.go:639.2,639.21 1 1
homelab/pkg/services/ip/service.go:639.21,641.3 1 1
homelab/pkg/services/ip/service.go:642.2,646.12 5 1
homelab/pkg/services/ip/service.go:649.90,651.65 2 1
homelab/pkg/services/ip/service.go:651.65,653.3 1 0
homelab/pkg/services/ip/service.go:654.2,655.16 2 1
homelab/pkg/services/ip/service.go:655.16,657.3 1 0
homelab/pkg/services/ip/service.go:658.2,662.12 5 1
homelab/pkg/services/ip/service.go:665.76,667.65 2 1
homelab/pkg/services/ip/service.go:667.65,669.3 1 0
homelab/pkg/services/ip/service.go:672.2,672.28 1 1
homelab/pkg/services/ip/service.go:672.28,674.3 1 1
homelab/pkg/services/ip/service.go:675.2,677.12 3 1
homelab/pkg/services/ip/service.go:680.93,682.2 1 1
homelab/pkg/services/ip/service.go:684.125,686.2 1 1
homelab/pkg/services/ip/service.go:688.126,694.16 2 1
homelab/pkg/services/ip/service.go:694.16,696.3 1 0
homelab/pkg/services/ip/service.go:698.2,699.35 2 1
homelab/pkg/services/ip/service.go:699.35,702.17 3 1
homelab/pkg/services/ip/service.go:702.17,703.12 1 1
homelab/pkg/services/ip/service.go:705.3,706.17 2 1
homelab/pkg/services/ip/service.go:706.17,708.12 2 0
homelab/pkg/services/ip/service.go:711.3,711.25 1 1
homelab/pkg/services/ip/service.go:711.25,713.21 2 1
homelab/pkg/services/ip/service.go:713.21,714.10 1 1
homelab/pkg/services/ip/service.go:717.4,723.36 2 1
homelab/pkg/services/ip/service.go:723.36,728.5 1 1
homelab/pkg/services/ip/service.go:730.3,731.25 2 1
homelab/pkg/services/ip/service.go:731.25,732.9 1 0
homelab/pkg/services/ip/service.go:736.2,736.21 1 1
homelab/pkg/services/ip/service.go:741.90,743.2 1 1
homelab/pkg/services/ip/service.go:745.91,747.2 1 1
homelab/pkg/services/ip/service.go:751.98,752.69 1 1
homelab/pkg/services/ip/service.go:752.69,754.3 1 0
homelab/pkg/services/ip/service.go:755.2,755.21 1 1
homelab/pkg/services/ip/service.go:755.21,756.27 1 1
homelab/pkg/services/ip/service.go:756.27,758.60 2 1
homelab/pkg/services/ip/service.go:758.60,760.10 2 1
homelab/pkg/services/ip/service.go:763.3,763.22 1 1
homelab/pkg/services/ip/service.go:763.22,765.4 1 0
homelab/pkg/services/ip/service.go:767.2,770.34 4 1
homelab/pkg/services/ip/service.go:770.34,773.3 2 1
homelab/pkg/services/ip/service.go:774.2,775.12 2 1
homelab/pkg/services/ip/service.go:778.98,779.69 1 1
homelab/pkg/services/ip/service.go:779.69,781.3 1 0
homelab/pkg/services/ip/service.go:782.2,783.16 2 1
homelab/pkg/services/ip/service.go:783.16,785.3 1 0
homelab/pkg/services/ip/service.go:786.2,789.16 4 1
homelab/pkg/services/ip/service.go:789.16,790.21 1 1
homelab/pkg/services/ip/service.go:790.21,792.4 1 0
homelab/pkg/services/ip/service.go:792.9,794.4 1 1
homelab/pkg/services/ip/service.go:795.3,795.64 1 1
homelab/pkg/services/ip/service.go:797.2,798.12 2 1
homelab/pkg/services/ip/service.go:801.80,803.16 2 1
homelab/pkg/services/ip/service.go:803.16,805.3 1 0
homelab/pkg/services/ip/service.go:806.2,807.16 2 1
homelab/pkg/services/ip/service.go:807.16,810.3 2 1
homelab/pkg/services/ip/service.go:811.2,812.12 2 1
homelab/pkg/services/ip/service.go:815.101,817.2 1 1
homelab/pkg/services/ip/service.go:819.134,821.2 1 1
homelab/pkg/services/ip/service.go:823.68,824.69 1 1
homelab/pkg/services/ip/service.go:824.69,826.3 1 0
homelab/pkg/services/ip/service.go:827.2,828.16 2 1
homelab/pkg/services/ip/service.go:828.16,830.3 1 0
homelab/pkg/services/ip/service.go:833.2,833.70 1 1
homelab/pkg/services/ip/service.go:833.70,835.3 1 0
homelab/pkg/services/ip/service.go:837.2,841.30 4 1
homelab/pkg/services/ip/service.go:841.30,843.3 1 1
homelab/pkg/services/ip/service.go:843.8,845.13 1 1
homelab/pkg/services/ip/service.go:845.13,853.4 3 1
homelab/pkg/services/ip/service.go:856.2,857.12 2 1
homelab/pkg/services/ip/service.go:860.94,865.15 3 1
homelab/pkg/services/ip/service.go:865.15,866.17 1 1
homelab/pkg/services/ip/service.go:866.17,869.4 2 1
homelab/pkg/services/ip/service.go:869.9,872.4 2 1
homelab/pkg/services/ip/service.go:873.3,875.89 3 1
homelab/pkg/services/ip/service.go:878.2,878.19 1 1
homelab/pkg/services/ip/service.go:878.19,881.3 2 0
homelab/pkg/services/ip/service.go:882.2,882.21 1 1
homelab/pkg/services/ip/service.go:882.21,884.3 1 0
homelab/pkg/services/ip/service.go:885.2,885.26 1 1
homelab/pkg/services/ip/service.go:885.26,887.3 1 1
homelab/pkg/services/ip/service.go:891.2,892.16 2 1
homelab/pkg/services/ip/service.go:892.16,894.3 1 1
homelab/pkg/services/ip/service.go:896.2,897.16 2 1
homelab/pkg/services/ip/service.go:897.16,899.3 1 0
homelab/pkg/services/ip/service.go:900.2,907.16 5 1
homelab/pkg/services/ip/service.go:907.16,909.3 1 0
homelab/pkg/services/ip/service.go:910.2,912.38 2 1
homelab/pkg/services/ip/service.go:912.38,914.3 1 0
homelab/pkg/services/ip/service.go:916.2,916.55 1 1
homelab/pkg/services/ip/service.go:916.55,918.3 1 0
homelab/pkg/services/ip/service.go:919.2,927.53 5 1
homelab/pkg/services/ip/service.go:927.53,929.3 1 0
homelab/pkg/services/ip/service.go:931.2,931.37 1 1
homelab/pkg/services/ip/service.go:931.37,933.38 2 1
homelab/pkg/services/ip/service.go:933.38,935.4 1 0
homelab/pkg/services/ip/service.go:936.3,936.31 1 1
homelab/pkg/services/ip/service.go:936.31,938.4 1 1
homelab/pkg/services/ip/service.go:939.3,942.13 4 1
homelab/pkg/services/ip/service.go:945.2,950.69 3 1
homelab/pkg/services/ip/service.go:950.69,951.38 1 1
homelab/pkg/services/ip/service.go:951.38,953.4 1 1
homelab/pkg/services/ip/service.go:954.3,954.31 1 1
homelab/pkg/services/ip/service.go:954.31,956.4 1 1
homelab/pkg/services/ip/service.go:959.2,959.30 1 1
homelab/pkg/services/ip/service.go:959.30,962.17 3 0
homelab/pkg/services/ip/service.go:962.17,964.4 1 0
homelab/pkg/services/ip/service.go:965.3,967.38 2 0
homelab/pkg/services/ip/service.go:967.38,976.48 2 0
homelab/pkg/services/ip/service.go:976.48,977.13 1 0
homelab/pkg/services/ip/service.go:979.4,981.36 3 0
homelab/pkg/services/ip/service.go:981.36,983.5 1 0
homelab/pkg/services/ip/service.go:984.4,984.32 1 0
homelab/pkg/services/ip/service.go:984.32,986.19 2 0
homelab/pkg/services/ip/service.go:986.19,988.6 1 0
homelab/pkg/services/ip/service.go:989.5,989.70 1 0
homelab/pkg/services/ip/service.go:989.70,991.6 1 0
homelab/pkg/services/ip/service.go:991.11,991.77 1 0
homelab/pkg/services/ip/service.go:991.77,993.6 1 0
homelab/pkg/services/ip/service.go:995.4,995.22 1 0
homelab/pkg/services/ip/service.go:995.22,997.5 1 0
homelab/pkg/services/ip/service.go:998.4,998.37 1 0
homelab/pkg/services/ip/service.go:1000.8,1000.41 1 1
homelab/pkg/services/ip/service.go:1000.41,1006.17 5 1
homelab/pkg/services/ip/service.go:1006.17,1008.4 1 0
homelab/pkg/services/ip/service.go:1010.3,1012.17 3 1
homelab/pkg/services/ip/service.go:1012.17,1014.4 1 0
homelab/pkg/services/ip/service.go:1016.3,1016.31 1 1
homelab/pkg/services/ip/service.go:1016.31,1018.4 1 1
homelab/pkg/services/ip/service.go:1019.8,1019.35 1 1
homelab/pkg/services/ip/service.go:1019.35,1022.17 3 1
homelab/pkg/services/ip/service.go:1022.17,1024.4 1 0
homelab/pkg/services/ip/service.go:1025.3,1028.16 3 1
homelab/pkg/services/ip/service.go:1028.16,1030.4 1 1
homelab/pkg/services/ip/service.go:1032.3,1035.31 4 1
homelab/pkg/services/ip/service.go:1035.31,1037.4 1 1
homelab/pkg/services/ip/service.go:1040.3,1042.36 3 1
homelab/pkg/services/ip/service.go:1042.36,1044.15 2 1
homelab/pkg/services/ip/service.go:1044.15,1046.5 1 1
homelab/pkg/services/ip/service.go:1049.3,1055.17 6 1
homelab/pkg/services/ip/service.go:1055.17,1057.4 1 0
homelab/pkg/services/ip/service.go:1059.3,1059.31 1 1
homelab/pkg/services/ip/service.go:1059.31,1060.25 1 1
homelab/pkg/services/ip/service.go:1060.25,1061.13 1 0
homelab/pkg/services/ip/service.go:1063.4,1064.52 2 1
homelab/pkg/services/ip/service.go:1064.52,1065.13 1 0
homelab/pkg/services/ip/service.go:1068.4,1069.18 2 1
homelab/pkg/services/ip/service.go:1069.18,1071.19 2 1
homelab/pkg/services/ip/service.go:1071.19,1072.14 1 1
homelab/pkg/services/ip/service.go:1074.5,1074.51 1 1
homelab/pkg/services/ip/service.go:1077.4,1080.40 3 1
homelab/pkg/services/ip/service.go:1080.40,1082.21 2 1
homelab/pkg/services/ip/service.go:1082.21,1084.6 1 1
homelab/pkg/services/ip/service.go:1086.4,1086.37 1 1
homelab/pkg/services/ip/service.go:1088.8,1091.17 3 1
homelab/pkg/services/ip/service.go:1091.17,1093.4 1 0
homelab/pkg/services/ip/service.go:1096.3,1098.36 3 1
homelab/pkg/services/ip/service.go:1098.36,1100.15 2 1
homelab/pkg/services/ip/service.go:1100.15,1102.5 1 1
homelab/pkg/services/ip/service.go:1105.3,1105.30 1 1
homelab/pkg/services/ip/service.go:1105.30,1107.4 1 1
homelab/pkg/services/ip/service.go:1109.3,1110.30 2 1
homelab/pkg/services/ip/service.go:1110.30,1112.50 2 1
homelab/pkg/services/ip/service.go:1112.50,1113.13 1 1
homelab/pkg/services/ip/service.go:1115.4,1116.18 2 1
homelab/pkg/services/ip/service.go:1116.18,1118.19 2 0
homelab/pkg/services/ip/service.go:1118.19,1119.14 1 0
homelab/pkg/services/ip/service.go:1121.5,1121.51 1 0
homelab/pkg/services/ip/service.go:1123.4,1124.40 2 1
homelab/pkg/services/ip/service.go:1128.2,1128.25 1 1
homelab/pkg/services/ip/service.go:1128.25,1130.3 1 0
homelab/pkg/services/ip/service.go:1133.2,1135.16 3 1
homelab/pkg/services/ip/service.go:1135.16,1137.3 1 0
homelab/pkg/services/ip/service.go:1138.2,1142.16 4 1
homelab/pkg/services/ip/service.go:1142.16,1144.3 1 0
homelab/pkg/services/ip/service.go:1146.2,1151.60 4 1
homelab/pkg/services/ip/service.go:1151.60,1154.17 3 1
homelab/pkg/services/ip/service.go:1154.17,1159.8 4 1
homelab/pkg/services/ip/service.go:1159.8,1161.22 2 1
homelab/pkg/services/ip/service.go:1161.22,1162.11 1 1
homelab/pkg/services/ip/service.go:1166.5,1170.33 4 1
homelab/pkg/services/ip/service.go:1170.33,1172.38 2 1
homelab/pkg/services/ip/service.go:1172.38,1174.7 1 1
homelab/pkg/services/ip/service.go:1174.12,1175.42 1 1
homelab/pkg/services/ip/service.go:1175.42,1177.8 1 1
homelab/pkg/services/ip/service.go:1178.7,1178.45 1 1
homelab/pkg/services/ip/service.go:1182.5,1182.55 1 1
homelab/pkg/services/ip/service.go:1182.55,1184.25 1 1
homelab/pkg/services/ip/service.go:1184.25,1187.15 1 1
homelab/pkg/services/ip/service.go:1188.12,1192.36 2 0
homelab/pkg/services/ip/service.go:1192.36,1194.8 1 0
homelab/pkg/services/ip/service.go:1195.7,1196.15 2 0
homelab/pkg/services/ip/service.go:1201.5,1202.33 2 1
homelab/pkg/services/ip/service.go:1202.33,1204.6 1 1
homelab/pkg/services/ip/service.go:1205.5,1205.47 1 1
homelab/pkg/services/ip/service.go:1207.4,1207.14 1 1
homelab/pkg/services/ip/service.go:1212.2,1213.40 2 1
homelab/pkg/services/ip/service.go:1213.40,1215.27 2 1
homelab/pkg/services/ip/service.go:1215.27,1217.4 1 1
homelab/pkg/services/ip/service.go:1218.3,1218.79 1 1
homelab/pkg/services/ip/service.go:1221.2,1225.16 4 1
homelab/pkg/services/ip/service.go:1225.16,1227.3 1 0
homelab/pkg/services/ip/service.go:1228.2,1231.16 4 1
homelab/pkg/services/ip/service.go:1231.16,1234.3 2 0
homelab/pkg/services/ip/service.go:1237.2,1239.16 3 1
homelab/pkg/services/ip/service.go:1239.16,1242.3 2 0
homelab/pkg/services/ip/service.go:1243.2,1250.61 6 1
homelab/pkg/services/ip/service.go:1250.61,1252.3 1 0
homelab/pkg/services/ip/service.go:1254.2,1255.16 2 1
homelab/pkg/services/ip/service.go:1255.16,1257.3 1 1
homelab/pkg/services/ip/service.go:1258.2,1258.12 1 1
homelab/pkg/services/ip/service.go:1261.62,1264.2 2 1
homelab/pkg/services/ip/service.go:1266.32,1272.25 6 1
homelab/pkg/services/ip/service.go:1272.25,1274.3 1 1
homelab/pkg/services/ip/service.go:1275.2,1275.18 1 1
homelab/pkg/services/ip/service.go:1277.74,1279.86 2 1
homelab/pkg/services/ip/service.go:1279.86,1281.3 1 1
homelab/pkg/services/ip/service.go:1283.2,1284.16 2 1
homelab/pkg/services/ip/service.go:1284.16,1286.3 1 0
homelab/pkg/services/ip/service.go:1288.2,1289.46 2 1
homelab/pkg/services/ip/service.go:1289.46,1291.3 1 1
homelab/pkg/services/ip/service.go:1293.2,1294.16 2 1
homelab/pkg/services/ip/service.go:1294.16,1297.16 2 0
homelab/pkg/services/ip/service.go:1297.16,1298.40 1 0
homelab/pkg/services/ip/service.go:1298.40,1300.5 1 0
homelab/pkg/services/ip/service.go:1301.4,1301.14 1 0
homelab/pkg/services/ip/service.go:1304.3,1304.13 1 0
homelab/pkg/services/ip/service.go:1307.2,1307.25 1 1
homelab/pkg/services/ip/service.go:1307.25,1308.39 1 1
homelab/pkg/services/ip/service.go:1308.39,1310.4 1 1
homelab/pkg/services/ip/service.go:1313.2,1313.12 1 1
homelab/pkg/services/ip/service.go:1316.34,1317.77 1 1
homelab/pkg/services/ip/service.go:1317.77,1319.3 1 1
homelab/pkg/services/ip/service.go:1320.2,1320.33 1 1
homelab/pkg/services/ip/service.go:1320.33,1324.3 1 1
homelab/pkg/services/ip/service.go:1325.2,1325.14 1 0
homelab/pkg/services/ip/trie.go:18.34,22.2 1 1
homelab/pkg/services/ip/trie.go:24.60,28.16 4 1
homelab/pkg/services/ip/trie.go:28.16,32.3 3 1
homelab/pkg/services/ip/trie.go:32.8,36.3 3 1
homelab/pkg/services/ip/trie.go:38.2,41.28 3 1
homelab/pkg/services/ip/trie.go:41.28,46.32 4 1
homelab/pkg/services/ip/trie.go:46.32,48.4 1 1
homelab/pkg/services/ip/trie.go:49.3,49.28 1 1
homelab/pkg/services/ip/trie.go:53.2,54.40 2 1
homelab/pkg/services/ip/trie.go:57.75,61.14 4 1
homelab/pkg/services/ip/trie.go:61.14,66.3 4 1
homelab/pkg/services/ip/trie.go:66.8,71.3 4 1
homelab/pkg/services/ip/trie.go:73.2,78.31 5 1
homelab/pkg/services/ip/trie.go:78.31,79.25 1 1
homelab/pkg/services/ip/trie.go:79.25,83.4 3 1
homelab/pkg/services/ip/trie.go:85.3,89.32 4 1
homelab/pkg/services/ip/trie.go:89.32,90.9 1 1
homelab/pkg/services/ip/trie.go:92.3,92.28 1 1
homelab/pkg/services/ip/trie.go:96.2,96.24 1 1
homelab/pkg/services/ip/trie.go:96.24,100.3 3 1
homelab/pkg/services/ip/trie.go:102.2,102.52 1 1
homelab/pkg/services/ip/v2ray_pb.go:22.75,25.37 2 1
homelab/pkg/services/ip/v2ray_pb.go:25.37,33.30 4 1
homelab/pkg/services/ip/v2ray_pb.go:33.30,46.4 7 1
homelab/pkg/services/ip/v2ray_pb.go:49.3,50.56 2 1
homelab/pkg/services/ip/v2ray_pb.go:53.2,54.12 2 1
homelab/pkg/services/ip/v2ray_pb.go:58.98,62.20 2 1
homelab/pkg/services/ip/v2ray_pb.go:62.20,64.12 2 1
homelab/pkg/services/ip/v2ray_pb.go:64.12,66.4 1 0
homelab/pkg/services/ip/v2ray_pb.go:67.3,69.45 2 1
homelab/pkg/services/ip/v2ray_pb.go:69.45,71.13 2 1
homelab/pkg/services/ip/v2ray_pb.go:71.13,73.5 1 0
homelab/pkg/services/ip/v2ray_pb.go:74.4,78.18 3 1
homelab/pkg/services/ip/v2ray_pb.go:78.18,80.5 1 1
homelab/pkg/services/ip/v2ray_pb.go:81.9,83.13 2 0
homelab/pkg/services/ip/v2ray_pb.go:83.13,85.5 1 0
homelab/pkg/services/ip/v2ray_pb.go:86.4,86.19 1 0
homelab/pkg/services/ip/v2ray_pb.go:89.2,89.21 1 1
homelab/pkg/services/ip/v2ray_pb.go:92.99,97.20 4 1
homelab/pkg/services/ip/v2ray_pb.go:97.20,99.12 2 1
homelab/pkg/services/ip/v2ray_pb.go:99.12,100.9 1 0
homelab/pkg/services/ip/v2ray_pb.go:102.3,104.14 2 1
homelab/pkg/services/ip/v2ray_pb.go:105.10,106.34 1 1
homelab/pkg/services/ip/v2ray_pb.go:106.34,108.15 2 1
homelab/pkg/services/ip/v2ray_pb.go:108.15,111.6 2 1
homelab/pkg/services/ip/v2ray_pb.go:113.10,114.34 1 1
homelab/pkg/services/ip/v2ray_pb.go:114.34,116.15 2 1
homelab/pkg/services/ip/v2ray_pb.go:116.15,119.6 2 1
homelab/pkg/services/ip/v2ray_pb.go:121.11,123.13 2 0
homelab/pkg/services/ip/v2ray_pb.go:123.13,124.10 1 0
homelab/pkg/services/ip/v2ray_pb.go:126.4,126.19 1 0
homelab/pkg/services/ip/v2ray_pb.go:130.2,130.63 1 1
homelab/pkg/services/ip/v2ray_pb.go:130.63,132.3 1 1
homelab/pkg/services/ip/v2ray_pb.go:134.2,135.29 2 1
homelab/pkg/services/ip/v2ray_pb.go:135.29,137.17 2 1
homelab/pkg/services/ip/v2ray_pb.go:137.17,142.4 1 1
homelab/pkg/services/ip/v2ray_pb.go:145.2,145.21 1 1
homelab/pkg/services/ip/v2ray_pb.go:148.56,152.20 3 1
homelab/pkg/services/ip/v2ray_pb.go:152.20,154.12 2 1
homelab/pkg/services/ip/v2ray_pb.go:154.12,155.9 1 0
homelab/pkg/services/ip/v2ray_pb.go:157.3,159.14 2 1
homelab/pkg/services/ip/v2ray_pb.go:160.10,161.34 1 1
homelab/pkg/services/ip/v2ray_pb.go:161.34,163.15 2 1
homelab/pkg/services/ip/v2ray_pb.go:163.15,166.6 2 1
homelab/pkg/services/ip/v2ray_pb.go:168.10,169.35 1 1
homelab/pkg/services/ip/v2ray_pb.go:169.35,171.15 2 1
homelab/pkg/services/ip/v2ray_pb.go:171.15,174.6 2 1
homelab/pkg/services/ip/v2ray_pb.go:176.11,178.13 2 0
homelab/pkg/services/ip/v2ray_pb.go:178.13,179.10 1 0
homelab/pkg/services/ip/v2ray_pb.go:181.4,181.19 1 0
homelab/pkg/services/ip/v2ray_pb.go:185.2,185.18 1 1
homelab/pkg/services/ip/v2ray_pb.go:185.18,187.3 1 0
homelab/pkg/services/ip/v2ray_pb.go:188.2,189.9 2 1
homelab/pkg/services/ip/v2ray_pb.go:189.9,191.3 1 0
homelab/pkg/services/ip/v2ray_pb.go:192.2,192.49 1 1
